#-----------------------------------------------------------
# Vivado v2023.2 (64-bit)
# SW Build 4029153 on Fri Oct 13 20:14:34 MDT 2023
# IP Build 4028589 on Sat Oct 14 00:45:43 MDT 2023
# SharedData Build 4025554 on Tue Oct 10 17:18:54 MDT 2023
# Start of session at: Fri Feb 14 22:07:44 2025
# Process ID: 79012
# Current directory: C:/Users/zunmun/Documents/Stuff/Workspace/2025/sound_your_dreams/Ultra96-tests/sensors96b
# Command line: vivado.exe -gui_launcher_event rodinguilauncherevent90260 C:\Users\zunmun\Documents\Stuff\Workspace\2025\sound_your_dreams\Ultra96-tests\sensors96b\sensors96b.xpr
# Log file: C:/Users/zunmun/Documents/Stuff/Workspace/2025/sound_your_dreams/Ultra96-tests/sensors96b/vivado.log
# Journal file: C:/Users/zunmun/Documents/Stuff/Workspace/2025/sound_your_dreams/Ultra96-tests/sensors96b\vivado.jou
# Running On: HackerbookAce, OS: Windows, CPU Frequency: 3793 MHz, CPU Physical cores: 16, Host memory: 33492 MB
#-----------------------------------------------------------
start_gui
open_project C:/Users/zunmun/Documents/Stuff/Workspace/2025/sound_your_dreams/Ultra96-tests/sensors96b/sensors96b.xpr
INFO: [ProjectBase 1-489] The host OS only allows 260 characters in a normal path. The project is stored in a path with more than 80 characters. If you experience issues with IP, Block Designs, or files not being found, please consider moving the project to a location with a shorter path. Alternately consider using the OS subst command to map part of the path to a drive letter.
Current project path is 'C:/Users/zunmun/Documents/Stuff/Workspace/2025/sound_your_dreams/Ultra96-tests/sensors96b'
WARNING: [Board 49-26] cannot add Board Part xilinx.com:ac701:part0:1.4 available at C:/Xilinx/Vivado/2023.2/data/xhub/boards/XilinxBoardStore/boards/Xilinx/ac701/1.4/board.xml as part xc7a200tfbg676-2 specified in board_part file is either invalid or not available
WARNING: [Board 49-26] cannot add Board Part xilinx.com:kc705:part0:1.6 available at C:/Xilinx/Vivado/2023.2/data/xhub/boards/XilinxBoardStore/boards/Xilinx/kc705/1.6/board.xml as part xc7k325tffg900-2 specified in board_part file is either invalid or not available
WARNING: [Board 49-26] cannot add Board Part xilinx.com:kcu105:part0:1.6 available at C:/Xilinx/Vivado/2023.2/data/xhub/boards/XilinxBoardStore/boards/Xilinx/kcu105/1.6/board.xml as part xcku040-ffva1156-2-e specified in board_part file is either invalid or not available
WARNING: [Board 49-26] cannot add Board Part xilinx.com:kcu105:part0:1.7 available at C:/Xilinx/Vivado/2023.2/data/xhub/boards/XilinxBoardStore/boards/Xilinx/kcu105/1.7/board.xml as part xcku040-ffva1156-2-e specified in board_part file is either invalid or not available
WARNING: [Board 49-26] cannot add Board Part xilinx.com:kcu116:part0:1.4 available at C:/Xilinx/Vivado/2023.2/data/xhub/boards/XilinxBoardStore/boards/Xilinx/kcu116/1.4/board.xml as part xcku5p-ffvb676-2-e specified in board_part file is either invalid or not available
WARNING: [Board 49-26] cannot add Board Part xilinx.com:kcu116:part0:1.5 available at C:/Xilinx/Vivado/2023.2/data/xhub/boards/XilinxBoardStore/boards/Xilinx/kcu116/1.5/board.xml as part xcku5p-ffvb676-2-e specified in board_part file is either invalid or not available
WARNING: [Board 49-26] cannot add Board Part xilinx.com:kcu1500:part0:1.2 available at C:/Xilinx/Vivado/2023.2/data/xhub/boards/XilinxBoardStore/boards/Xilinx/kcu1500/1.2/board.xml as part xcku115-flvb2104-2-e specified in board_part file is either invalid or not available
WARNING: [Board 49-26] cannot add Board Part xilinx.com:sp701:part0:1.0 available at C:/Xilinx/Vivado/2023.2/data/xhub/boards/XilinxBoardStore/boards/Xilinx/sp701/1.0/board.xml as part xc7s100fgga676-2 specified in board_part file is either invalid or not available
WARNING: [Board 49-26] cannot add Board Part xilinx.com:sp701:part0:1.1 available at C:/Xilinx/Vivado/2023.2/data/xhub/boards/XilinxBoardStore/boards/Xilinx/sp701/1.1/board.xml as part xc7s100fgga676-2 specified in board_part file is either invalid or not available
WARNING: [Board 49-26] cannot add Board Part xilinx.com:vc707:part0:1.4 available at C:/Xilinx/Vivado/2023.2/data/xhub/boards/XilinxBoardStore/boards/Xilinx/vc707/1.4/board.xml as part xc7vx485tffg1761-2 specified in board_part file is either invalid or not available
WARNING: [Board 49-26] cannot add Board Part xilinx.com:vc709:part0:1.8 available at C:/Xilinx/Vivado/2023.2/data/xhub/boards/XilinxBoardStore/boards/Xilinx/vc709/1.8/board.xml as part xc7vx690tffg1761-2 specified in board_part file is either invalid or not available
WARNING: [Board 49-26] cannot add Board Part xilinx.com:vck190:part0:2.2 available at C:/Xilinx/Vivado/2023.2/data/xhub/boards/XilinxBoardStore/boards/Xilinx/vck190/production/2.2/board.xml as part xcvc1902-vsva2197-2mp-e-s specified in board_part file is either invalid or not available
WARNING: [Board 49-26] cannot add Board Part xilinx.com:vck190:part0:3.0 available at C:/Xilinx/Vivado/2023.2/data/xhub/boards/XilinxBoardStore/boards/Xilinx/vck190/production/3.0/board.xml as part xcvc1902-vsva2197-2mp-e-s specified in board_part file is either invalid or not available
WARNING: [Board 49-26] cannot add Board Part xilinx.com:vck190:part0:3.1 available at C:/Xilinx/Vivado/2023.2/data/xhub/boards/XilinxBoardStore/boards/Xilinx/vck190/production/3.1/board.xml as part xcvc1902-vsva2197-2mp-e-s specified in board_part file is either invalid or not available
WARNING: [Board 49-26] cannot add Board Part xilinx.com:vck190:part0:3.2 available at C:/Xilinx/Vivado/2023.2/data/xhub/boards/XilinxBoardStore/boards/Xilinx/vck190/production/3.2/board.xml as part xcvc1902-vsva2197-2mp-e-s specified in board_part file is either invalid or not available
WARNING: [Board 49-26] cannot add Board Part xilinx.com:vck190_newl:part0:1.0 available at C:/Xilinx/Vivado/2023.2/data/xhub/boards/XilinxBoardStore/boards/Xilinx/vck190_newl/production/1.0/board.xml as part xcvc1902-vsva2197-2mp-e-s specified in board_part file is either invalid or not available
WARNING: [Board 49-26] cannot add Board Part xilinx.com:vck190_newl:part0:1.1 available at C:/Xilinx/Vivado/2023.2/data/xhub/boards/XilinxBoardStore/boards/Xilinx/vck190_newl/production/1.1/board.xml as part xcvc1902-vsva2197-2mp-e-s specified in board_part file is either invalid or not available
WARNING: [Board 49-26] cannot add Board Part xilinx.com:vcu108:part0:1.6 available at C:/Xilinx/Vivado/2023.2/data/xhub/boards/XilinxBoardStore/boards/Xilinx/vcu108/1.6/board.xml as part xcvu095-ffva2104-2-e specified in board_part file is either invalid or not available
WARNING: [Board 49-26] cannot add Board Part xilinx.com:vcu108:part0:1.7 available at C:/Xilinx/Vivado/2023.2/data/xhub/boards/XilinxBoardStore/boards/Xilinx/vcu108/1.7/board.xml as part xcvu095-ffva2104-2-e specified in board_part file is either invalid or not available
WARNING: [Board 49-26] cannot add Board Part xilinx.com:vcu110:part0:1.4 available at C:/Xilinx/Vivado/2023.2/data/xhub/boards/XilinxBoardStore/boards/Xilinx/vcu110/1.4/board.xml as part xcvu190-flgc2104-2-e specified in board_part file is either invalid or not available
WARNING: [Board 49-26] cannot add Board Part xilinx.com:vcu118:part0:2.0 available at C:/Xilinx/Vivado/2023.2/data/xhub/boards/XilinxBoardStore/boards/Xilinx/vcu118/2.0/board.xml as part xcvu9p-flga2104-2l-e specified in board_part file is either invalid or not available
WARNING: [Board 49-26] cannot add Board Part xilinx.com:vcu118:part0:2.3 available at C:/Xilinx/Vivado/2023.2/data/xhub/boards/XilinxBoardStore/boards/Xilinx/vcu118/2.3/board.xml as part xcvu9p-flga2104-2l-e specified in board_part file is either invalid or not available
WARNING: [Board 49-26] cannot add Board Part xilinx.com:vcu118:part0:2.4 available at C:/Xilinx/Vivado/2023.2/data/xhub/boards/XilinxBoardStore/boards/Xilinx/vcu118/2.4/board.xml as part xcvu9p-flga2104-2l-e specified in board_part file is either invalid or not available
WARNING: [Board 49-26] cannot add Board Part xilinx.com:vcu128:part0:1.0 available at C:/Xilinx/Vivado/2023.2/data/xhub/boards/XilinxBoardStore/boards/Xilinx/vcu128/production/1.0/board.xml as part xcvu37p-fsvh2892-2l-e specified in board_part file is either invalid or not available
WARNING: [Board 49-26] cannot add Board Part xilinx.com:vcu129:part0:1.0 available at C:/Xilinx/Vivado/2023.2/data/xhub/boards/XilinxBoardStore/boards/Xilinx/vcu129/production/1.0/board.xml as part xcvu29p-fsga2577-2l-e specified in board_part file is either invalid or not available
WARNING: [Board 49-26] cannot add Board Part xilinx.com:vcu1525:part0:1.3 available at C:/Xilinx/Vivado/2023.2/data/xhub/boards/XilinxBoardStore/boards/Xilinx/vcu1525/1.3/board.xml as part xcvu9p-fsgd2104-2l-e specified in board_part file is either invalid or not available
WARNING: [Board 49-26] cannot add Board Part xilinx.com:vek280:part0:1.0 available at C:/Xilinx/Vivado/2023.2/data/xhub/boards/XilinxBoardStore/boards/Xilinx/vek280/production/1.0/board.xml as part xcve2802-vsvh1760-2mp-e-s specified in board_part file is either invalid or not available
WARNING: [Board 49-26] cannot add Board Part xilinx.com:vek280_es:part0:1.0 available at C:/Xilinx/Vivado/2023.2/data/xhub/boards/XilinxBoardStore/boards/Xilinx/vek280/es/rev_a/1.0/board.xml as part xcve2802-vsvh1760-2lp-e-s-es1 specified in board_part file is either invalid or not available
WARNING: [Board 49-26] cannot add Board Part xilinx.com:vek280_es:part0:1.1 available at C:/Xilinx/Vivado/2023.2/data/xhub/boards/XilinxBoardStore/boards/Xilinx/vek280/es/rev_a/1.1/board.xml as part xcve2802-vsvh1760-2lp-e-s-es1 specified in board_part file is either invalid or not available
WARNING: [Board 49-26] cannot add Board Part xilinx.com:vek280_es_revb:part0:1.0 available at C:/Xilinx/Vivado/2023.2/data/xhub/boards/XilinxBoardStore/boards/Xilinx/vek280/es/rev_b/1.0/board.xml as part xcve2802-vsvh1760-2mp-e-s-es1 specified in board_part file is either invalid or not available
WARNING: [Board 49-26] cannot add Board Part xilinx.com:vek280_es_revb:part0:1.1 available at C:/Xilinx/Vivado/2023.2/data/xhub/boards/XilinxBoardStore/boards/Xilinx/vek280/es/rev_b/1.1/board.xml as part xcve2802-vsvh1760-2mp-e-s-es1 specified in board_part file is either invalid or not available
WARNING: [Board 49-26] cannot add Board Part xilinx.com:vermeo_t1_rfsoc:part0:1.0 available at C:/Xilinx/Vivado/2023.2/data/xhub/boards/XilinxBoardStore/boards/Xilinx/vermeo_t1_rfsoc/1.0/board.xml as part xczu21dr-ffvd1156-2l-e specified in board_part file is either invalid or not available
WARNING: [Board 49-26] cannot add Board Part xilinx.com:vhk158:part0:1.0 available at C:/Xilinx/Vivado/2023.2/data/xhub/boards/XilinxBoardStore/boards/Xilinx/vhk158/production/1.0/board.xml as part xcvh1582-vsva3697-2mp-e-s specified in board_part file is either invalid or not available
WARNING: [Board 49-26] cannot add Board Part xilinx.com:vhk158:part0:1.1 available at C:/Xilinx/Vivado/2023.2/data/xhub/boards/XilinxBoardStore/boards/Xilinx/vhk158/production/1.1/board.xml as part xcvh1582-vsva3697-2mp-e-s specified in board_part file is either invalid or not available
WARNING: [Board 49-26] cannot add Board Part xilinx.com:vhk158_es:part0:1.0 available at C:/Xilinx/Vivado/2023.2/data/xhub/boards/XilinxBoardStore/boards/Xilinx/vhk158/es/1.0/board.xml as part xcvh1582-vsva3697-2mp-e-s-es1 specified in board_part file is either invalid or not available
WARNING: [Board 49-26] cannot add Board Part xilinx.com:vhk158_es:part0:1.1 available at C:/Xilinx/Vivado/2023.2/data/xhub/boards/XilinxBoardStore/boards/Xilinx/vhk158/es/1.1/board.xml as part xcvh1582-vsva3697-2mp-e-s-es1 specified in board_part file is either invalid or not available
WARNING: [Board 49-26] cannot add Board Part xilinx.com:vmk180:part0:2.2 available at C:/Xilinx/Vivado/2023.2/data/xhub/boards/XilinxBoardStore/boards/Xilinx/vmk180/production/2.2/board.xml as part xcvm1802-vsva2197-2mp-e-s specified in board_part file is either invalid or not available
WARNING: [Board 49-26] cannot add Board Part xilinx.com:vmk180:part0:3.0 available at C:/Xilinx/Vivado/2023.2/data/xhub/boards/XilinxBoardStore/boards/Xilinx/vmk180/production/3.0/board.xml as part xcvm1802-vsva2197-2mp-e-s specified in board_part file is either invalid or not available
WARNING: [Board 49-26] cannot add Board Part xilinx.com:vmk180:part0:3.1 available at C:/Xilinx/Vivado/2023.2/data/xhub/boards/XilinxBoardStore/boards/Xilinx/vmk180/production/3.1/board.xml as part xcvm1802-vsva2197-2mp-e-s specified in board_part file is either invalid or not available
WARNING: [Board 49-26] cannot add Board Part xilinx.com:vmk180:part0:3.2 available at C:/Xilinx/Vivado/2023.2/data/xhub/boards/XilinxBoardStore/boards/Xilinx/vmk180/production/3.2/board.xml as part xcvm1802-vsva2197-2mp-e-s specified in board_part file is either invalid or not available
WARNING: [Board 49-26] cannot add Board Part xilinx.com:vmk180_newl:part0:1.0 available at C:/Xilinx/Vivado/2023.2/data/xhub/boards/XilinxBoardStore/boards/Xilinx/vmk180_newl/production/1.0/board.xml as part xcvm1802-vsva2197-2mp-e-s specified in board_part file is either invalid or not available
WARNING: [Board 49-26] cannot add Board Part xilinx.com:vmk180_newl:part0:1.1 available at C:/Xilinx/Vivado/2023.2/data/xhub/boards/XilinxBoardStore/boards/Xilinx/vmk180_newl/production/1.1/board.xml as part xcvm1802-vsva2197-2mp-e-s specified in board_part file is either invalid or not available
WARNING: [Board 49-26] cannot add Board Part xilinx.com:vpk120:part0:1.0 available at C:/Xilinx/Vivado/2023.2/data/xhub/boards/XilinxBoardStore/boards/Xilinx/vpk120/production/1.0/board.xml as part xcvp1202-vsva2785-2mp-e-s specified in board_part file is either invalid or not available
WARNING: [Board 49-26] cannot add Board Part xilinx.com:vpk120:part0:1.1 available at C:/Xilinx/Vivado/2023.2/data/xhub/boards/XilinxBoardStore/boards/Xilinx/vpk120/production/1.1/board.xml as part xcvp1202-vsva2785-2mp-e-s specified in board_part file is either invalid or not available
WARNING: [Board 49-26] cannot add Board Part xilinx.com:vpk120:part0:1.2 available at C:/Xilinx/Vivado/2023.2/data/xhub/boards/XilinxBoardStore/boards/Xilinx/vpk120/production/1.2/board.xml as part xcvp1202-vsva2785-2mp-e-s specified in board_part file is either invalid or not available
WARNING: [Board 49-26] cannot add Board Part xilinx.com:vpk180:part0:1.0 available at C:/Xilinx/Vivado/2023.2/data/xhub/boards/XilinxBoardStore/boards/Xilinx/vpk180/production/1.0/board.xml as part xcvp1802-lsvc4072-2mp-e-s specified in board_part file is either invalid or not available
WARNING: [Board 49-26] cannot add Board Part xilinx.com:vpk180:part0:1.1 available at C:/Xilinx/Vivado/2023.2/data/xhub/boards/XilinxBoardStore/boards/Xilinx/vpk180/production/1.1/board.xml as part xcvp1802-lsvc4072-2mp-e-s specified in board_part file is either invalid or not available
WARNING: [Board 49-26] cannot add Board Part xilinx.com:zc702:part0:1.4 available at C:/Xilinx/Vivado/2023.2/data/xhub/boards/XilinxBoardStore/boards/Xilinx/zc702/1.4/board.xml as part xc7z020clg484-1 specified in board_part file is either invalid or not available
WARNING: [Board 49-26] cannot add Board Part xilinx.com:zc706:part0:1.4 available at C:/Xilinx/Vivado/2023.2/data/xhub/boards/XilinxBoardStore/boards/Xilinx/zc706/1.4/board.xml as part xc7z045ffg900-2 specified in board_part file is either invalid or not available
WARNING: [Board 49-26] cannot add Board Part xilinx.com:zcu111:part0:1.2 available at C:/Xilinx/Vivado/2023.2/data/xhub/boards/XilinxBoardStore/boards/Xilinx/zcu111/1.2/board.xml as part xczu28dr-ffvg1517-2-e specified in board_part file is either invalid or not available
WARNING: [Board 49-26] cannot add Board Part xilinx.com:zcu111:part0:1.3 available at C:/Xilinx/Vivado/2023.2/data/xhub/boards/XilinxBoardStore/boards/Xilinx/zcu111/1.3/board.xml as part xczu28dr-ffvg1517-2-e specified in board_part file is either invalid or not available
WARNING: [Board 49-26] cannot add Board Part xilinx.com:zcu111:part0:1.4 available at C:/Xilinx/Vivado/2023.2/data/xhub/boards/XilinxBoardStore/boards/Xilinx/zcu111/1.4/board.xml as part xczu28dr-ffvg1517-2-e specified in board_part file is either invalid or not available
WARNING: [Board 49-26] cannot add Board Part xilinx.com:zcu1275:part0:1.0 available at C:/Xilinx/Vivado/2023.2/data/xhub/boards/XilinxBoardStore/boards/Xilinx/zcu1275/1.0/board.xml as part xczu29dr-ffvf1760-2-e specified in board_part file is either invalid or not available
WARNING: [Board 49-26] cannot add Board Part xilinx.com:zcu1285:part0:1.0 available at C:/Xilinx/Vivado/2023.2/data/xhub/boards/XilinxBoardStore/boards/Xilinx/zcu1285/1.0/board.xml as part xczu39dr-ffvf1760-2-i specified in board_part file is either invalid or not available
WARNING: [Board 49-26] cannot add Board Part xilinx.com:zcu208:part0:2.0 available at C:/Xilinx/Vivado/2023.2/data/xhub/boards/XilinxBoardStore/boards/Xilinx/zcu208/production/2.0/board.xml as part xczu48dr-fsvg1517-2-e specified in board_part file is either invalid or not available
WARNING: [Board 49-26] cannot add Board Part xilinx.com:zcu208ld:part0:2.0 available at C:/Xilinx/Vivado/2023.2/data/xhub/boards/XilinxBoardStore/boards/Xilinx/zcu208ld/production/2.0/board.xml as part xczu58dr-fsvg1517-2-i specified in board_part file is either invalid or not available
WARNING: [Board 49-26] cannot add Board Part xilinx.com:zcu216:part0:2.0 available at C:/Xilinx/Vivado/2023.2/data/xhub/boards/XilinxBoardStore/boards/Xilinx/zcu216/production/2.0/board.xml as part xczu49dr-ffvf1760-2-e specified in board_part file is either invalid or not available
WARNING: [Board 49-26] cannot add Board Part xilinx.com:zcu216ld:part0:2.0 available at C:/Xilinx/Vivado/2023.2/data/xhub/boards/XilinxBoardStore/boards/Xilinx/zcu216ld/production/2.0/board.xml as part xczu59dr-ffvf1760-2-i specified in board_part file is either invalid or not available
WARNING: [Board 49-26] cannot add Board Part xilinx.com:zcu670:part0:2.0 available at C:/Xilinx/Vivado/2023.2/data/xhub/boards/XilinxBoardStore/boards/Xilinx/zcu670/2.0/board.xml as part xczu67dr-fsve1156-2-i specified in board_part file is either invalid or not available
WARNING: [Board 49-26] cannot add Board Part xilinx.com:zcu670ld:part0:1.0 available at C:/Xilinx/Vivado/2023.2/data/xhub/boards/XilinxBoardStore/boards/Xilinx/zcu670ld/1.0/board.xml as part xczu57dr-fsve1156-2-i specified in board_part file is either invalid or not available
INFO: [Project 1-313] Project file moved from '/home/bb/Documents/SoundYourDreams/Ultra96-PYNQ/Ultra96/sensors96b/sensors96b' since last save.
CRITICAL WARNING: [Project 1-311] Could not find the file 'C:/Users/zunmun/Documents/Stuff/Workspace/2025/sound_your_dreams/Ultra96-tests/vivado/constraints/sensors96b.xdc', nor could it be found using path 'C:/home/bb/Documents/SoundYourDreams/Ultra96-PYNQ/Ultra96/sensors96b/vivado/constraints/sensors96b.xdc'.
Scanning sources...
Finished scanning sources
INFO: [IP_Flow 19-234] Refreshing IP repositories
INFO: [IP_Flow 19-1704] No user IP repositories specified
INFO: [IP_Flow 19-2313] Loaded Vivado IP repository 'C:/Xilinx/Vivado/2023.2/data/ip'.
open_project: Time (s): cpu = 00:00:24 ; elapsed = 00:00:15 . Memory (MB): peak = 1582.992 ; gain = 254.531
update_compile_order -fileset sources_1
export_ip_user_files -of_objects  [get_files C:/Users/zunmun/Documents/Stuff/Workspace/2025/sound_your_dreams/Ultra96-tests/vivado/constraints/sensors96b.xdc] -no_script -reset -force -quiet
remove_files  -fileset constrs_1 C:/Users/zunmun/Documents/Stuff/Workspace/2025/sound_your_dreams/Ultra96-tests/vivado/constraints/sensors96b.xdc
file mkdir C:/Users/zunmun/Documents/Stuff/Workspace/2025/sound_your_dreams/Ultra96-tests/sensors96b/sensors96b.srcs/constrs_1
file mkdir C:/Users/zunmun/Documents/Stuff/Workspace/2025/sound_your_dreams/Ultra96-tests/sensors96b/sensors96b.srcs/constrs_1/new
close [ open C:/Users/zunmun/Documents/Stuff/Workspace/2025/sound_your_dreams/Ultra96-tests/sensors96b/sensors96b.srcs/constrs_1/new/ultra96.xdc w ]
add_files -fileset constrs_1 C:/Users/zunmun/Documents/Stuff/Workspace/2025/sound_your_dreams/Ultra96-tests/sensors96b/sensors96b.srcs/constrs_1/new/ultra96.xdc
WARNING: [filemgmt 56-199] Attempt to get parsing info during refresh. "On-the-fly" syntax checking information may be incorrect. [C:\Users\zunmun\Documents\Stuff\Workspace\2025\sound_your_dreams\Ultra96-tests\sensors96b\sensors96b.srcs\sources_1\new\simple.v:]
WARNING: [filemgmt 56-199] Attempt to get parsing info during refresh. "On-the-fly" syntax checking information may be incorrect. [c:\Users\zunmun\Documents\Stuff\Workspace\2025\sound_your_dreams\Ultra96-tests\sensors96b\sensors96b.gen\sources_1\bd\sensors96b\synth\sensors96b.v:]
ERROR: [Common 17-180] Spawn failed: No error
open_bd_design {C:/Users/zunmun/Documents/Stuff/Workspace/2025/sound_your_dreams/Ultra96-tests/sensors96b/sensors96b.srcs/sources_1/bd/sensors96b/sensors96b.bd}
Reading block design file <C:/Users/zunmun/Documents/Stuff/Workspace/2025/sound_your_dreams/Ultra96-tests/sensors96b/sensors96b.srcs/sources_1/bd/sensors96b/sensors96b.bd>...
Adding component instance block -- xilinx.com:ip:axi_uart16550:2.0 - axi_uart16550_0
Adding component instance block -- xilinx.com:ip:axi_uart16550:2.0 - axi_uart16550_1
Adding component instance block -- xilinx.com:ip:proc_sys_reset:5.0 - proc_sys_reset_0
Adding component instance block -- xilinx.com:ip:axi_interconnect:2.1 - ps8_0_axi_periph
Adding component instance block -- xilinx.com:ip:axi_crossbar:2.1 - xbar
Adding component instance block -- xilinx.com:ip:axi_protocol_converter:2.1 - auto_pc
Adding component instance block -- xilinx.com:ip:xlconcat:2.1 - xlconcat_0
Adding component instance block -- xilinx.com:ip:xlconcat:2.1 - xlconcat_1
Adding component instance block -- xilinx.com:ip:xlconstant:1.1 - xlconstant_0
Adding component instance block -- xilinx.com:ip:zynq_ultra_ps_e:3.5 - zynq_ultra_ps_e_0
Successfully read diagram <sensors96b> from block design file <C:/Users/zunmun/Documents/Stuff/Workspace/2025/sound_your_dreams/Ultra96-tests/sensors96b/sensors96b.srcs/sources_1/bd/sensors96b/sensors96b.bd>
open_bd_design: Time (s): cpu = 00:00:04 ; elapsed = 00:00:05 . Memory (MB): peak = 1606.445 ; gain = 15.484
reset_run synth_1
INFO: [Project 1-1161] Replacing file C:/Users/zunmun/Documents/Stuff/Workspace/2025/sound_your_dreams/Ultra96-tests/sensors96b/sensors96b.srcs/utils_1/imports/synth_1/simple.dcp with file C:/Users/zunmun/Documents/Stuff/Workspace/2025/sound_your_dreams/Ultra96-tests/sensors96b/sensors96b.runs/synth_1/sensors96b.dcp
launch_runs impl_1 -to_step write_bitstream -jobs 16
INFO: [IP_Flow 19-6930] IPCACHE: runCacheChecks() number of threads = 8
INFO: [IP_Flow 19-6921] IPCACHE: Adding cache check func to thread queue for IP sensors96b_auto_pc_0
INFO: [IP_Flow 19-6921] IPCACHE: Adding cache check func to thread queue for IP sensors96b_axi_uart16550_0_0
INFO: [IP_Flow 19-6921] IPCACHE: Adding cache check func to thread queue for IP sensors96b_axi_uart16550_1_0
INFO: [IP_Flow 19-6921] IPCACHE: Adding cache check func to thread queue for IP sensors96b_proc_sys_reset_0_0
WARNING: [filemgmt 56-199] Attempt to get parsing info during refresh. "On-the-fly" syntax checking information may be incorrect. [C:\Users\zunmun\Documents\Stuff\Workspace\2025\sound_your_dreams\Ultra96-tests\sensors96b\sensors96b.srcs\sources_1\new\simple.v:]
WARNING: [filemgmt 56-199] Attempt to get parsing info during refresh. "On-the-fly" syntax checking information may be incorrect. [c:\Users\zunmun\Documents\Stuff\Workspace\2025\sound_your_dreams\Ultra96-tests\sensors96b\sensors96b.gen\sources_1\bd\sensors96b\synth\sensors96b.v:]
INFO: [IP_Flow 19-6921] IPCACHE: Adding cache check func to thread queue for IP sensors96b_xbar_0
INFO: [IP_Flow 19-6921] IPCACHE: Adding cache check func to thread queue for IP sensors96b_zynq_ultra_ps_e_0_0
INFO: [IP_Flow 19-8020] IPCACHE: runCacheChecks() calling threadPool finishWork()
ERROR: [Common 17-180] Spawn failed: No error
INFO: [IP_Flow 19-6924] IPCACHE: Running cache check for IP inst: sensors96b_auto_pc_0
INFO: [IP_Flow 19-6922] IPCACHE: Exporting cached entry 9ac4a7c9abe3f12a to dir: c:/Users/zunmun/Documents/Stuff/Workspace/2025/sound_your_dreams/Ultra96-tests/sensors96b/sensors96b.gen/sources_1/bd/sensors96b/ip/sensors96b_auto_pc_0
INFO: [IP_Flow 19-6928] IPCACHE: copied cached file c:/Users/zunmun/Documents/Stuff/Workspace/2025/sound_your_dreams/Ultra96-tests/sensors96b/sensors96b.cache/ip/2023.2/9/a/9ac4a7c9abe3f12a/sensors96b_auto_pc_0.dcp to c:/Users/zunmun/Documents/Stuff/Workspace/2025/sound_your_dreams/Ultra96-tests/sensors96b/sensors96b.gen/sources_1/bd/sensors96b/ip/sensors96b_auto_pc_0/sensors96b_auto_pc_0.dcp.
INFO: [IP_Flow 19-6926] IPCACHE: added file to list for BOM: c:/Users/zunmun/Documents/Stuff/Workspace/2025/sound_your_dreams/Ultra96-tests/sensors96b/sensors96b.gen/sources_1/bd/sensors96b/ip/sensors96b_auto_pc_0/sensors96b_auto_pc_0.dcp
INFO: [IP_Flow 19-6928] IPCACHE: copied cached file c:/Users/zunmun/Documents/Stuff/Workspace/2025/sound_your_dreams/Ultra96-tests/sensors96b/sensors96b.cache/ip/2023.2/9/a/9ac4a7c9abe3f12a/sensors96b_auto_pc_0_sim_netlist.v to c:/Users/zunmun/Documents/Stuff/Workspace/2025/sound_your_dreams/Ultra96-tests/sensors96b/sensors96b.gen/sources_1/bd/sensors96b/ip/sensors96b_auto_pc_0/sensors96b_auto_pc_0_sim_netlist.v.
INFO: [IP_Flow 19-6926] IPCACHE: added file to list for BOM: c:/Users/zunmun/Documents/Stuff/Workspace/2025/sound_your_dreams/Ultra96-tests/sensors96b/sensors96b.gen/sources_1/bd/sensors96b/ip/sensors96b_auto_pc_0/sensors96b_auto_pc_0_sim_netlist.v
INFO: [IP_Flow 19-6928] IPCACHE: copied cached file c:/Users/zunmun/Documents/Stuff/Workspace/2025/sound_your_dreams/Ultra96-tests/sensors96b/sensors96b.cache/ip/2023.2/9/a/9ac4a7c9abe3f12a/sensors96b_auto_pc_0_sim_netlist.vhdl to c:/Users/zunmun/Documents/Stuff/Workspace/2025/sound_your_dreams/Ultra96-tests/sensors96b/sensors96b.gen/sources_1/bd/sensors96b/ip/sensors96b_auto_pc_0/sensors96b_auto_pc_0_sim_netlist.vhdl.
INFO: [IP_Flow 19-6926] IPCACHE: added file to list for BOM: c:/Users/zunmun/Documents/Stuff/Workspace/2025/sound_your_dreams/Ultra96-tests/sensors96b/sensors96b.gen/sources_1/bd/sensors96b/ip/sensors96b_auto_pc_0/sensors96b_auto_pc_0_sim_netlist.vhdl
INFO: [IP_Flow 19-6928] IPCACHE: copied cached file c:/Users/zunmun/Documents/Stuff/Workspace/2025/sound_your_dreams/Ultra96-tests/sensors96b/sensors96b.cache/ip/2023.2/9/a/9ac4a7c9abe3f12a/sensors96b_auto_pc_0_stub.v to c:/Users/zunmun/Documents/Stuff/Workspace/2025/sound_your_dreams/Ultra96-tests/sensors96b/sensors96b.gen/sources_1/bd/sensors96b/ip/sensors96b_auto_pc_0/sensors96b_auto_pc_0_stub.v.
INFO: [IP_Flow 19-6926] IPCACHE: added file to list for BOM: c:/Users/zunmun/Documents/Stuff/Workspace/2025/sound_your_dreams/Ultra96-tests/sensors96b/sensors96b.gen/sources_1/bd/sensors96b/ip/sensors96b_auto_pc_0/sensors96b_auto_pc_0_stub.v
INFO: [IP_Flow 19-6928] IPCACHE: copied cached file c:/Users/zunmun/Documents/Stuff/Workspace/2025/sound_your_dreams/Ultra96-tests/sensors96b/sensors96b.cache/ip/2023.2/9/a/9ac4a7c9abe3f12a/sensors96b_auto_pc_0_stub.vhdl to c:/Users/zunmun/Documents/Stuff/Workspace/2025/sound_your_dreams/Ultra96-tests/sensors96b/sensors96b.gen/sources_1/bd/sensors96b/ip/sensors96b_auto_pc_0/sensors96b_auto_pc_0_stub.vhdl.
INFO: [IP_Flow 19-6926] IPCACHE: added file to list for BOM: c:/Users/zunmun/Documents/Stuff/Workspace/2025/sound_your_dreams/Ultra96-tests/sensors96b/sensors96b.gen/sources_1/bd/sensors96b/ip/sensors96b_auto_pc_0/sensors96b_auto_pc_0_stub.vhdl
INFO: [IP_Flow 19-4993] Using cached IP synthesis design for IP sensors96b_auto_pc_0, cache-ID = 9ac4a7c9abe3f12a; cache size = 4.437 MB.
INFO: [IP_Flow 19-6924] IPCACHE: Running cache check for IP inst: sensors96b_axi_uart16550_0_0
INFO: [IP_Flow 19-6922] IPCACHE: Exporting cached entry fe9aa312663ea541 to dir: c:/Users/zunmun/Documents/Stuff/Workspace/2025/sound_your_dreams/Ultra96-tests/sensors96b/sensors96b.gen/sources_1/bd/sensors96b/ip/sensors96b_axi_uart16550_0_0
INFO: [IP_Flow 19-6928] IPCACHE: copied cached file c:/Users/zunmun/Documents/Stuff/Workspace/2025/sound_your_dreams/Ultra96-tests/sensors96b/sensors96b.cache/ip/2023.2/f/e/fe9aa312663ea541/sensors96b_axi_uart16550_0_0.dcp to c:/Users/zunmun/Documents/Stuff/Workspace/2025/sound_your_dreams/Ultra96-tests/sensors96b/sensors96b.gen/sources_1/bd/sensors96b/ip/sensors96b_axi_uart16550_0_0/sensors96b_axi_uart16550_0_0.dcp.
INFO: [IP_Flow 19-6926] IPCACHE: added file to list for BOM: c:/Users/zunmun/Documents/Stuff/Workspace/2025/sound_your_dreams/Ultra96-tests/sensors96b/sensors96b.gen/sources_1/bd/sensors96b/ip/sensors96b_axi_uart16550_0_0/sensors96b_axi_uart16550_0_0.dcp
INFO: [IP_Flow 19-6928] IPCACHE: copied cached file c:/Users/zunmun/Documents/Stuff/Workspace/2025/sound_your_dreams/Ultra96-tests/sensors96b/sensors96b.cache/ip/2023.2/f/e/fe9aa312663ea541/sensors96b_axi_uart16550_0_0_sim_netlist.v to c:/Users/zunmun/Documents/Stuff/Workspace/2025/sound_your_dreams/Ultra96-tests/sensors96b/sensors96b.gen/sources_1/bd/sensors96b/ip/sensors96b_axi_uart16550_0_0/sensors96b_axi_uart16550_0_0_sim_netlist.v.
INFO: [IP_Flow 19-6926] IPCACHE: added file to list for BOM: c:/Users/zunmun/Documents/Stuff/Workspace/2025/sound_your_dreams/Ultra96-tests/sensors96b/sensors96b.gen/sources_1/bd/sensors96b/ip/sensors96b_axi_uart16550_0_0/sensors96b_axi_uart16550_0_0_sim_netlist.v
INFO: [IP_Flow 19-6928] IPCACHE: copied cached file c:/Users/zunmun/Documents/Stuff/Workspace/2025/sound_your_dreams/Ultra96-tests/sensors96b/sensors96b.cache/ip/2023.2/f/e/fe9aa312663ea541/sensors96b_axi_uart16550_0_0_sim_netlist.vhdl to c:/Users/zunmun/Documents/Stuff/Workspace/2025/sound_your_dreams/Ultra96-tests/sensors96b/sensors96b.gen/sources_1/bd/sensors96b/ip/sensors96b_axi_uart16550_0_0/sensors96b_axi_uart16550_0_0_sim_netlist.vhdl.
INFO: [IP_Flow 19-6926] IPCACHE: added file to list for BOM: c:/Users/zunmun/Documents/Stuff/Workspace/2025/sound_your_dreams/Ultra96-tests/sensors96b/sensors96b.gen/sources_1/bd/sensors96b/ip/sensors96b_axi_uart16550_0_0/sensors96b_axi_uart16550_0_0_sim_netlist.vhdl
INFO: [IP_Flow 19-6928] IPCACHE: copied cached file c:/Users/zunmun/Documents/Stuff/Workspace/2025/sound_your_dreams/Ultra96-tests/sensors96b/sensors96b.cache/ip/2023.2/f/e/fe9aa312663ea541/sensors96b_axi_uart16550_0_0_stub.v to c:/Users/zunmun/Documents/Stuff/Workspace/2025/sound_your_dreams/Ultra96-tests/sensors96b/sensors96b.gen/sources_1/bd/sensors96b/ip/sensors96b_axi_uart16550_0_0/sensors96b_axi_uart16550_0_0_stub.v.
INFO: [IP_Flow 19-6926] IPCACHE: added file to list for BOM: c:/Users/zunmun/Documents/Stuff/Workspace/2025/sound_your_dreams/Ultra96-tests/sensors96b/sensors96b.gen/sources_1/bd/sensors96b/ip/sensors96b_axi_uart16550_0_0/sensors96b_axi_uart16550_0_0_stub.v
INFO: [IP_Flow 19-6928] IPCACHE: copied cached file c:/Users/zunmun/Documents/Stuff/Workspace/2025/sound_your_dreams/Ultra96-tests/sensors96b/sensors96b.cache/ip/2023.2/f/e/fe9aa312663ea541/sensors96b_axi_uart16550_0_0_stub.vhdl to c:/Users/zunmun/Documents/Stuff/Workspace/2025/sound_your_dreams/Ultra96-tests/sensors96b/sensors96b.gen/sources_1/bd/sensors96b/ip/sensors96b_axi_uart16550_0_0/sensors96b_axi_uart16550_0_0_stub.vhdl.
INFO: [IP_Flow 19-6926] IPCACHE: added file to list for BOM: c:/Users/zunmun/Documents/Stuff/Workspace/2025/sound_your_dreams/Ultra96-tests/sensors96b/sensors96b.gen/sources_1/bd/sensors96b/ip/sensors96b_axi_uart16550_0_0/sensors96b_axi_uart16550_0_0_stub.vhdl
INFO: [IP_Flow 19-4993] Using cached IP synthesis design for IP sensors96b_axi_uart16550_0_0, cache-ID = fe9aa312663ea541; cache size = 4.437 MB.
INFO: [IP_Flow 19-6924] IPCACHE: Running cache check for IP inst: sensors96b_axi_uart16550_1_0
INFO: [IP_Flow 19-6922] IPCACHE: Exporting cached entry fe9aa312663ea541 to dir: c:/Users/zunmun/Documents/Stuff/Workspace/2025/sound_your_dreams/Ultra96-tests/sensors96b/sensors96b.gen/sources_1/bd/sensors96b/ip/sensors96b_axi_uart16550_1_0
INFO: [IP_Flow 19-6928] IPCACHE: copied cached file c:/Users/zunmun/Documents/Stuff/Workspace/2025/sound_your_dreams/Ultra96-tests/sensors96b/sensors96b.cache/ip/2023.2/f/e/fe9aa312663ea541/sensors96b_axi_uart16550_0_0.dcp to c:/Users/zunmun/Documents/Stuff/Workspace/2025/sound_your_dreams/Ultra96-tests/sensors96b/sensors96b.gen/sources_1/bd/sensors96b/ip/sensors96b_axi_uart16550_1_0/sensors96b_axi_uart16550_1_0.dcp.
INFO: [IP_Flow 19-6926] IPCACHE: added file to list for BOM: c:/Users/zunmun/Documents/Stuff/Workspace/2025/sound_your_dreams/Ultra96-tests/sensors96b/sensors96b.gen/sources_1/bd/sensors96b/ip/sensors96b_axi_uart16550_1_0/sensors96b_axi_uart16550_1_0.dcp
INFO: [IP_Flow 19-6928] IPCACHE: copied cached file c:/Users/zunmun/Documents/Stuff/Workspace/2025/sound_your_dreams/Ultra96-tests/sensors96b/sensors96b.cache/ip/2023.2/f/e/fe9aa312663ea541/sensors96b_axi_uart16550_0_0_sim_netlist.v to c:/Users/zunmun/Documents/Stuff/Workspace/2025/sound_your_dreams/Ultra96-tests/sensors96b/sensors96b.gen/sources_1/bd/sensors96b/ip/sensors96b_axi_uart16550_1_0/sensors96b_axi_uart16550_1_0_sim_netlist.v.
INFO: [IP_Flow 19-6926] IPCACHE: added file to list for BOM: c:/Users/zunmun/Documents/Stuff/Workspace/2025/sound_your_dreams/Ultra96-tests/sensors96b/sensors96b.gen/sources_1/bd/sensors96b/ip/sensors96b_axi_uart16550_1_0/sensors96b_axi_uart16550_1_0_sim_netlist.v
INFO: [IP_Flow 19-6928] IPCACHE: copied cached file c:/Users/zunmun/Documents/Stuff/Workspace/2025/sound_your_dreams/Ultra96-tests/sensors96b/sensors96b.cache/ip/2023.2/f/e/fe9aa312663ea541/sensors96b_axi_uart16550_0_0_sim_netlist.vhdl to c:/Users/zunmun/Documents/Stuff/Workspace/2025/sound_your_dreams/Ultra96-tests/sensors96b/sensors96b.gen/sources_1/bd/sensors96b/ip/sensors96b_axi_uart16550_1_0/sensors96b_axi_uart16550_1_0_sim_netlist.vhdl.
INFO: [IP_Flow 19-6926] IPCACHE: added file to list for BOM: c:/Users/zunmun/Documents/Stuff/Workspace/2025/sound_your_dreams/Ultra96-tests/sensors96b/sensors96b.gen/sources_1/bd/sensors96b/ip/sensors96b_axi_uart16550_1_0/sensors96b_axi_uart16550_1_0_sim_netlist.vhdl
INFO: [IP_Flow 19-6928] IPCACHE: copied cached file c:/Users/zunmun/Documents/Stuff/Workspace/2025/sound_your_dreams/Ultra96-tests/sensors96b/sensors96b.cache/ip/2023.2/f/e/fe9aa312663ea541/sensors96b_axi_uart16550_0_0_stub.v to c:/Users/zunmun/Documents/Stuff/Workspace/2025/sound_your_dreams/Ultra96-tests/sensors96b/sensors96b.gen/sources_1/bd/sensors96b/ip/sensors96b_axi_uart16550_1_0/sensors96b_axi_uart16550_1_0_stub.v.
INFO: [IP_Flow 19-6926] IPCACHE: added file to list for BOM: c:/Users/zunmun/Documents/Stuff/Workspace/2025/sound_your_dreams/Ultra96-tests/sensors96b/sensors96b.gen/sources_1/bd/sensors96b/ip/sensors96b_axi_uart16550_1_0/sensors96b_axi_uart16550_1_0_stub.v
INFO: [IP_Flow 19-6928] IPCACHE: copied cached file c:/Users/zunmun/Documents/Stuff/Workspace/2025/sound_your_dreams/Ultra96-tests/sensors96b/sensors96b.cache/ip/2023.2/f/e/fe9aa312663ea541/sensors96b_axi_uart16550_0_0_stub.vhdl to c:/Users/zunmun/Documents/Stuff/Workspace/2025/sound_your_dreams/Ultra96-tests/sensors96b/sensors96b.gen/sources_1/bd/sensors96b/ip/sensors96b_axi_uart16550_1_0/sensors96b_axi_uart16550_1_0_stub.vhdl.
INFO: [IP_Flow 19-6926] IPCACHE: added file to list for BOM: c:/Users/zunmun/Documents/Stuff/Workspace/2025/sound_your_dreams/Ultra96-tests/sensors96b/sensors96b.gen/sources_1/bd/sensors96b/ip/sensors96b_axi_uart16550_1_0/sensors96b_axi_uart16550_1_0_stub.vhdl
INFO: [IP_Flow 19-4993] Using cached IP synthesis design for IP sensors96b_axi_uart16550_1_0, cache-ID = fe9aa312663ea541; cache size = 4.437 MB.
INFO: [IP_Flow 19-6924] IPCACHE: Running cache check for IP inst: sensors96b_proc_sys_reset_0_0
INFO: [IP_Flow 19-6922] IPCACHE: Exporting cached entry 078afe82cd3f670d to dir: c:/Users/zunmun/Documents/Stuff/Workspace/2025/sound_your_dreams/Ultra96-tests/sensors96b/sensors96b.gen/sources_1/bd/sensors96b/ip/sensors96b_proc_sys_reset_0_0
INFO: [IP_Flow 19-6928] IPCACHE: copied cached file c:/Users/zunmun/Documents/Stuff/Workspace/2025/sound_your_dreams/Ultra96-tests/sensors96b/sensors96b.cache/ip/2023.2/0/7/078afe82cd3f670d/sensors96b_proc_sys_reset_0_0.dcp to c:/Users/zunmun/Documents/Stuff/Workspace/2025/sound_your_dreams/Ultra96-tests/sensors96b/sensors96b.gen/sources_1/bd/sensors96b/ip/sensors96b_proc_sys_reset_0_0/sensors96b_proc_sys_reset_0_0.dcp.
INFO: [IP_Flow 19-6926] IPCACHE: added file to list for BOM: c:/Users/zunmun/Documents/Stuff/Workspace/2025/sound_your_dreams/Ultra96-tests/sensors96b/sensors96b.gen/sources_1/bd/sensors96b/ip/sensors96b_proc_sys_reset_0_0/sensors96b_proc_sys_reset_0_0.dcp
INFO: [IP_Flow 19-6928] IPCACHE: copied cached file c:/Users/zunmun/Documents/Stuff/Workspace/2025/sound_your_dreams/Ultra96-tests/sensors96b/sensors96b.cache/ip/2023.2/0/7/078afe82cd3f670d/sensors96b_proc_sys_reset_0_0_sim_netlist.v to c:/Users/zunmun/Documents/Stuff/Workspace/2025/sound_your_dreams/Ultra96-tests/sensors96b/sensors96b.gen/sources_1/bd/sensors96b/ip/sensors96b_proc_sys_reset_0_0/sensors96b_proc_sys_reset_0_0_sim_netlist.v.
INFO: [IP_Flow 19-6926] IPCACHE: added file to list for BOM: c:/Users/zunmun/Documents/Stuff/Workspace/2025/sound_your_dreams/Ultra96-tests/sensors96b/sensors96b.gen/sources_1/bd/sensors96b/ip/sensors96b_proc_sys_reset_0_0/sensors96b_proc_sys_reset_0_0_sim_netlist.v
INFO: [IP_Flow 19-6928] IPCACHE: copied cached file c:/Users/zunmun/Documents/Stuff/Workspace/2025/sound_your_dreams/Ultra96-tests/sensors96b/sensors96b.cache/ip/2023.2/0/7/078afe82cd3f670d/sensors96b_proc_sys_reset_0_0_sim_netlist.vhdl to c:/Users/zunmun/Documents/Stuff/Workspace/2025/sound_your_dreams/Ultra96-tests/sensors96b/sensors96b.gen/sources_1/bd/sensors96b/ip/sensors96b_proc_sys_reset_0_0/sensors96b_proc_sys_reset_0_0_sim_netlist.vhdl.
INFO: [IP_Flow 19-6926] IPCACHE: added file to list for BOM: c:/Users/zunmun/Documents/Stuff/Workspace/2025/sound_your_dreams/Ultra96-tests/sensors96b/sensors96b.gen/sources_1/bd/sensors96b/ip/sensors96b_proc_sys_reset_0_0/sensors96b_proc_sys_reset_0_0_sim_netlist.vhdl
INFO: [IP_Flow 19-6928] IPCACHE: copied cached file c:/Users/zunmun/Documents/Stuff/Workspace/2025/sound_your_dreams/Ultra96-tests/sensors96b/sensors96b.cache/ip/2023.2/0/7/078afe82cd3f670d/sensors96b_proc_sys_reset_0_0_stub.v to c:/Users/zunmun/Documents/Stuff/Workspace/2025/sound_your_dreams/Ultra96-tests/sensors96b/sensors96b.gen/sources_1/bd/sensors96b/ip/sensors96b_proc_sys_reset_0_0/sensors96b_proc_sys_reset_0_0_stub.v.
INFO: [IP_Flow 19-6926] IPCACHE: added file to list for BOM: c:/Users/zunmun/Documents/Stuff/Workspace/2025/sound_your_dreams/Ultra96-tests/sensors96b/sensors96b.gen/sources_1/bd/sensors96b/ip/sensors96b_proc_sys_reset_0_0/sensors96b_proc_sys_reset_0_0_stub.v
INFO: [IP_Flow 19-6928] IPCACHE: copied cached file c:/Users/zunmun/Documents/Stuff/Workspace/2025/sound_your_dreams/Ultra96-tests/sensors96b/sensors96b.cache/ip/2023.2/0/7/078afe82cd3f670d/sensors96b_proc_sys_reset_0_0_stub.vhdl to c:/Users/zunmun/Documents/Stuff/Workspace/2025/sound_your_dreams/Ultra96-tests/sensors96b/sensors96b.gen/sources_1/bd/sensors96b/ip/sensors96b_proc_sys_reset_0_0/sensors96b_proc_sys_reset_0_0_stub.vhdl.
INFO: [IP_Flow 19-6926] IPCACHE: added file to list for BOM: c:/Users/zunmun/Documents/Stuff/Workspace/2025/sound_your_dreams/Ultra96-tests/sensors96b/sensors96b.gen/sources_1/bd/sensors96b/ip/sensors96b_proc_sys_reset_0_0/sensors96b_proc_sys_reset_0_0_stub.vhdl
INFO: [IP_Flow 19-4993] Using cached IP synthesis design for IP sensors96b_proc_sys_reset_0_0, cache-ID = 078afe82cd3f670d; cache size = 4.437 MB.
INFO: [IP_Flow 19-6924] IPCACHE: Running cache check for IP inst: sensors96b_xbar_0
INFO: [IP_Flow 19-6922] IPCACHE: Exporting cached entry c6f46e6afb9ab2f7 to dir: c:/Users/zunmun/Documents/Stuff/Workspace/2025/sound_your_dreams/Ultra96-tests/sensors96b/sensors96b.gen/sources_1/bd/sensors96b/ip/sensors96b_xbar_0
INFO: [IP_Flow 19-6928] IPCACHE: copied cached file c:/Users/zunmun/Documents/Stuff/Workspace/2025/sound_your_dreams/Ultra96-tests/sensors96b/sensors96b.cache/ip/2023.2/c/6/c6f46e6afb9ab2f7/sensors96b_xbar_0.dcp to c:/Users/zunmun/Documents/Stuff/Workspace/2025/sound_your_dreams/Ultra96-tests/sensors96b/sensors96b.gen/sources_1/bd/sensors96b/ip/sensors96b_xbar_0/sensors96b_xbar_0.dcp.
INFO: [IP_Flow 19-6926] IPCACHE: added file to list for BOM: c:/Users/zunmun/Documents/Stuff/Workspace/2025/sound_your_dreams/Ultra96-tests/sensors96b/sensors96b.gen/sources_1/bd/sensors96b/ip/sensors96b_xbar_0/sensors96b_xbar_0.dcp
INFO: [IP_Flow 19-6928] IPCACHE: copied cached file c:/Users/zunmun/Documents/Stuff/Workspace/2025/sound_your_dreams/Ultra96-tests/sensors96b/sensors96b.cache/ip/2023.2/c/6/c6f46e6afb9ab2f7/sensors96b_xbar_0_sim_netlist.v to c:/Users/zunmun/Documents/Stuff/Workspace/2025/sound_your_dreams/Ultra96-tests/sensors96b/sensors96b.gen/sources_1/bd/sensors96b/ip/sensors96b_xbar_0/sensors96b_xbar_0_sim_netlist.v.
INFO: [IP_Flow 19-6926] IPCACHE: added file to list for BOM: c:/Users/zunmun/Documents/Stuff/Workspace/2025/sound_your_dreams/Ultra96-tests/sensors96b/sensors96b.gen/sources_1/bd/sensors96b/ip/sensors96b_xbar_0/sensors96b_xbar_0_sim_netlist.v
INFO: [IP_Flow 19-6928] IPCACHE: copied cached file c:/Users/zunmun/Documents/Stuff/Workspace/2025/sound_your_dreams/Ultra96-tests/sensors96b/sensors96b.cache/ip/2023.2/c/6/c6f46e6afb9ab2f7/sensors96b_xbar_0_sim_netlist.vhdl to c:/Users/zunmun/Documents/Stuff/Workspace/2025/sound_your_dreams/Ultra96-tests/sensors96b/sensors96b.gen/sources_1/bd/sensors96b/ip/sensors96b_xbar_0/sensors96b_xbar_0_sim_netlist.vhdl.
INFO: [IP_Flow 19-6926] IPCACHE: added file to list for BOM: c:/Users/zunmun/Documents/Stuff/Workspace/2025/sound_your_dreams/Ultra96-tests/sensors96b/sensors96b.gen/sources_1/bd/sensors96b/ip/sensors96b_xbar_0/sensors96b_xbar_0_sim_netlist.vhdl
INFO: [IP_Flow 19-6928] IPCACHE: copied cached file c:/Users/zunmun/Documents/Stuff/Workspace/2025/sound_your_dreams/Ultra96-tests/sensors96b/sensors96b.cache/ip/2023.2/c/6/c6f46e6afb9ab2f7/sensors96b_xbar_0_stub.v to c:/Users/zunmun/Documents/Stuff/Workspace/2025/sound_your_dreams/Ultra96-tests/sensors96b/sensors96b.gen/sources_1/bd/sensors96b/ip/sensors96b_xbar_0/sensors96b_xbar_0_stub.v.
INFO: [IP_Flow 19-6926] IPCACHE: added file to list for BOM: c:/Users/zunmun/Documents/Stuff/Workspace/2025/sound_your_dreams/Ultra96-tests/sensors96b/sensors96b.gen/sources_1/bd/sensors96b/ip/sensors96b_xbar_0/sensors96b_xbar_0_stub.v
INFO: [IP_Flow 19-6928] IPCACHE: copied cached file c:/Users/zunmun/Documents/Stuff/Workspace/2025/sound_your_dreams/Ultra96-tests/sensors96b/sensors96b.cache/ip/2023.2/c/6/c6f46e6afb9ab2f7/sensors96b_xbar_0_stub.vhdl to c:/Users/zunmun/Documents/Stuff/Workspace/2025/sound_your_dreams/Ultra96-tests/sensors96b/sensors96b.gen/sources_1/bd/sensors96b/ip/sensors96b_xbar_0/sensors96b_xbar_0_stub.vhdl.
INFO: [IP_Flow 19-6926] IPCACHE: added file to list for BOM: c:/Users/zunmun/Documents/Stuff/Workspace/2025/sound_your_dreams/Ultra96-tests/sensors96b/sensors96b.gen/sources_1/bd/sensors96b/ip/sensors96b_xbar_0/sensors96b_xbar_0_stub.vhdl
INFO: [IP_Flow 19-4993] Using cached IP synthesis design for IP sensors96b_xbar_0, cache-ID = c6f46e6afb9ab2f7; cache size = 4.437 MB.
INFO: [IP_Flow 19-6924] IPCACHE: Running cache check for IP inst: sensors96b_zynq_ultra_ps_e_0_0
INFO: [IP_Flow 19-6922] IPCACHE: Exporting cached entry 64983f78d4ed2db9 to dir: c:/Users/zunmun/Documents/Stuff/Workspace/2025/sound_your_dreams/Ultra96-tests/sensors96b/sensors96b.gen/sources_1/bd/sensors96b/ip/sensors96b_zynq_ultra_ps_e_0_0
INFO: [IP_Flow 19-6928] IPCACHE: copied cached file c:/Users/zunmun/Documents/Stuff/Workspace/2025/sound_your_dreams/Ultra96-tests/sensors96b/sensors96b.cache/ip/2023.2/6/4/64983f78d4ed2db9/sensors96b_zynq_ultra_ps_e_0_0.dcp to c:/Users/zunmun/Documents/Stuff/Workspace/2025/sound_your_dreams/Ultra96-tests/sensors96b/sensors96b.gen/sources_1/bd/sensors96b/ip/sensors96b_zynq_ultra_ps_e_0_0/sensors96b_zynq_ultra_ps_e_0_0.dcp.
INFO: [IP_Flow 19-6926] IPCACHE: added file to list for BOM: c:/Users/zunmun/Documents/Stuff/Workspace/2025/sound_your_dreams/Ultra96-tests/sensors96b/sensors96b.gen/sources_1/bd/sensors96b/ip/sensors96b_zynq_ultra_ps_e_0_0/sensors96b_zynq_ultra_ps_e_0_0.dcp
INFO: [IP_Flow 19-6928] IPCACHE: copied cached file c:/Users/zunmun/Documents/Stuff/Workspace/2025/sound_your_dreams/Ultra96-tests/sensors96b/sensors96b.cache/ip/2023.2/6/4/64983f78d4ed2db9/sensors96b_zynq_ultra_ps_e_0_0_sim_netlist.v to c:/Users/zunmun/Documents/Stuff/Workspace/2025/sound_your_dreams/Ultra96-tests/sensors96b/sensors96b.gen/sources_1/bd/sensors96b/ip/sensors96b_zynq_ultra_ps_e_0_0/sensors96b_zynq_ultra_ps_e_0_0_sim_netlist.v.
INFO: [IP_Flow 19-6926] IPCACHE: added file to list for BOM: c:/Users/zunmun/Documents/Stuff/Workspace/2025/sound_your_dreams/Ultra96-tests/sensors96b/sensors96b.gen/sources_1/bd/sensors96b/ip/sensors96b_zynq_ultra_ps_e_0_0/sensors96b_zynq_ultra_ps_e_0_0_sim_netlist.v
INFO: [IP_Flow 19-6928] IPCACHE: copied cached file c:/Users/zunmun/Documents/Stuff/Workspace/2025/sound_your_dreams/Ultra96-tests/sensors96b/sensors96b.cache/ip/2023.2/6/4/64983f78d4ed2db9/sensors96b_zynq_ultra_ps_e_0_0_sim_netlist.vhdl to c:/Users/zunmun/Documents/Stuff/Workspace/2025/sound_your_dreams/Ultra96-tests/sensors96b/sensors96b.gen/sources_1/bd/sensors96b/ip/sensors96b_zynq_ultra_ps_e_0_0/sensors96b_zynq_ultra_ps_e_0_0_sim_netlist.vhdl.
INFO: [IP_Flow 19-6926] IPCACHE: added file to list for BOM: c:/Users/zunmun/Documents/Stuff/Workspace/2025/sound_your_dreams/Ultra96-tests/sensors96b/sensors96b.gen/sources_1/bd/sensors96b/ip/sensors96b_zynq_ultra_ps_e_0_0/sensors96b_zynq_ultra_ps_e_0_0_sim_netlist.vhdl
INFO: [IP_Flow 19-6928] IPCACHE: copied cached file c:/Users/zunmun/Documents/Stuff/Workspace/2025/sound_your_dreams/Ultra96-tests/sensors96b/sensors96b.cache/ip/2023.2/6/4/64983f78d4ed2db9/sensors96b_zynq_ultra_ps_e_0_0_stub.v to c:/Users/zunmun/Documents/Stuff/Workspace/2025/sound_your_dreams/Ultra96-tests/sensors96b/sensors96b.gen/sources_1/bd/sensors96b/ip/sensors96b_zynq_ultra_ps_e_0_0/sensors96b_zynq_ultra_ps_e_0_0_stub.v.
INFO: [IP_Flow 19-6926] IPCACHE: added file to list for BOM: c:/Users/zunmun/Documents/Stuff/Workspace/2025/sound_your_dreams/Ultra96-tests/sensors96b/sensors96b.gen/sources_1/bd/sensors96b/ip/sensors96b_zynq_ultra_ps_e_0_0/sensors96b_zynq_ultra_ps_e_0_0_stub.v
INFO: [IP_Flow 19-6928] IPCACHE: copied cached file c:/Users/zunmun/Documents/Stuff/Workspace/2025/sound_your_dreams/Ultra96-tests/sensors96b/sensors96b.cache/ip/2023.2/6/4/64983f78d4ed2db9/sensors96b_zynq_ultra_ps_e_0_0_stub.vhdl to c:/Users/zunmun/Documents/Stuff/Workspace/2025/sound_your_dreams/Ultra96-tests/sensors96b/sensors96b.gen/sources_1/bd/sensors96b/ip/sensors96b_zynq_ultra_ps_e_0_0/sensors96b_zynq_ultra_ps_e_0_0_stub.vhdl.
INFO: [IP_Flow 19-6926] IPCACHE: added file to list for BOM: c:/Users/zunmun/Documents/Stuff/Workspace/2025/sound_your_dreams/Ultra96-tests/sensors96b/sensors96b.gen/sources_1/bd/sensors96b/ip/sensors96b_zynq_ultra_ps_e_0_0/sensors96b_zynq_ultra_ps_e_0_0_stub.vhdl
INFO: [IP_Flow 19-4993] Using cached IP synthesis design for IP sensors96b_zynq_ultra_ps_e_0_0, cache-ID = 64983f78d4ed2db9; cache size = 4.437 MB.
[Fri Feb 14 22:12:09 2025] Launched synth_1...
Run output will be captured here: C:/Users/zunmun/Documents/Stuff/Workspace/2025/sound_your_dreams/Ultra96-tests/sensors96b/sensors96b.runs/synth_1/runme.log
[Fri Feb 14 22:12:09 2025] Launched impl_1...
Run output will be captured here: C:/Users/zunmun/Documents/Stuff/Workspace/2025/sound_your_dreams/Ultra96-tests/sensors96b/sensors96b.runs/impl_1/runme.log
WARNING: [filemgmt 56-199] Attempt to get parsing info during refresh. "On-the-fly" syntax checking information may be incorrect. [C:\Users\zunmun\Documents\Stuff\Workspace\2025\sound_your_dreams\Ultra96-tests\sensors96b\sensors96b.srcs\sources_1\new\simple.v:]
WARNING: [filemgmt 56-199] Attempt to get parsing info during refresh. "On-the-fly" syntax checking information may be incorrect. [c:\Users\zunmun\Documents\Stuff\Workspace\2025\sound_your_dreams\Ultra96-tests\sensors96b\sensors96b.gen\sources_1\bd\sensors96b\synth\sensors96b.v:]
ERROR: [Common 17-180] Spawn failed: No error
exit
INFO: [Common 17-206] Exiting Vivado at Fri Feb 14 22:40:01 2025...
