
*** Running vivado
    with args -log sensors96b.vds -m64 -product Vivado -mode batch -messageDb vivado.pb -notrace -source sensors96b.tcl


ECHO is off.
ECHO is off.

****** Vivado v2023.2 (64-bit)
  **** SW Build 4029153 on Fri Oct 13 20:14:34 MDT 2023
  **** IP Build 4028589 on Sat Oct 14 00:45:43 MDT 2023
  **** SharedData Build 4025554 on Tue Oct 10 17:18:54 MDT 2023
    ** Copyright 1986-2022 Xilinx, Inc. All Rights Reserved.
    ** Copyright 2022-2023 Advanced Micro Devices, Inc. All Rights Reserved.

source sensors96b.tcl -notrace
INFO: [IP_Flow 19-234] Refreshing IP repositories
INFO: [IP_Flow 19-1704] No user IP repositories specified
INFO: [IP_Flow 19-2313] Loaded Vivado IP repository 'C:/Xilinx/Vivado/2023.2/data/ip'.
Command: read_checkpoint -auto_incremental -incremental C:/Users/zunmun/Documents/Stuff/Github/WORK/Bumblebee/ultra96_vivado_tests/PYNQ/sensors96b/sensors96b.srcs/utils_1/imports/synth_1/simple.dcp
INFO: [Vivado 12-5825] Read reference checkpoint from C:/Users/zunmun/Documents/Stuff/Github/WORK/Bumblebee/ultra96_vivado_tests/PYNQ/sensors96b/sensors96b.srcs/utils_1/imports/synth_1/simple.dcp for incremental synthesis
INFO: [Vivado 12-7989] Please ensure there are no constraint changes
Command: synth_design -top sensors96b -part xczu3eg-sbva484-1-i
Starting synth_design
Attempting to get a license for feature 'Synthesis' and/or device 'xczu3eg'
INFO: [Common 17-349] Got license for feature 'Synthesis' and/or device 'xczu3eg'
INFO: [Device 21-403] Loading part xczu3eg-sbva484-1-i
INFO: [Designutils 20-5440] No compile time benefit to using incremental synthesis; A full resynthesis will be run
INFO: [Designutils 20-4379] Flow is switching to default flow due to incremental criteria not met. If you would like to alter this behaviour and have the flow terminate instead, please set the following parameter config_implementation {autoIncr.Synth.RejectBehavior Terminate}
INFO: [Synth 8-7079] Multithreading enabled for synth_design using a maximum of 2 processes.
INFO: [Synth 8-7078] Launching helper process for spawning children vivado processes
INFO: [Synth 8-7075] Helper process launched with PID 30924
---------------------------------------------------------------------------------
Starting RTL Elaboration : Time (s): cpu = 00:00:05 ; elapsed = 00:00:05 . Memory (MB): peak = 1820.684 ; gain = 377.855
---------------------------------------------------------------------------------
INFO: [Synth 8-6157] synthesizing module 'sensors96b' [c:/Users/zunmun/Documents/Stuff/Github/WORK/Bumblebee/ultra96_vivado_tests/PYNQ/sensors96b/sensors96b.gen/sources_1/bd/sensors96b/synth/sensors96b.v:579]
INFO: [Synth 8-6157] synthesizing module 'sensors96b_axi_uart16550_0_0' [C:/Users/zunmun/Documents/Stuff/Github/WORK/Bumblebee/ultra96_vivado_tests/PYNQ/sensors96b/sensors96b.runs/synth_1/.Xil/Vivado-10316-HackerbookAce/realtime/sensors96b_axi_uart16550_0_0_stub.v:6]
INFO: [Synth 8-6155] done synthesizing module 'sensors96b_axi_uart16550_0_0' (0#1) [C:/Users/zunmun/Documents/Stuff/Github/WORK/Bumblebee/ultra96_vivado_tests/PYNQ/sensors96b/sensors96b.runs/synth_1/.Xil/Vivado-10316-HackerbookAce/realtime/sensors96b_axi_uart16550_0_0_stub.v:6]
WARNING: [Synth 8-7071] port 'baudoutn' of module 'sensors96b_axi_uart16550_0_0' is unconnected for instance 'axi_uart16550_0' [c:/Users/zunmun/Documents/Stuff/Github/WORK/Bumblebee/ultra96_vivado_tests/PYNQ/sensors96b/sensors96b.gen/sources_1/bd/sensors96b/synth/sensors96b.v:706]
WARNING: [Synth 8-7071] port 'ddis' of module 'sensors96b_axi_uart16550_0_0' is unconnected for instance 'axi_uart16550_0' [c:/Users/zunmun/Documents/Stuff/Github/WORK/Bumblebee/ultra96_vivado_tests/PYNQ/sensors96b/sensors96b.gen/sources_1/bd/sensors96b/synth/sensors96b.v:706]
WARNING: [Synth 8-7071] port 'dtrn' of module 'sensors96b_axi_uart16550_0_0' is unconnected for instance 'axi_uart16550_0' [c:/Users/zunmun/Documents/Stuff/Github/WORK/Bumblebee/ultra96_vivado_tests/PYNQ/sensors96b/sensors96b.gen/sources_1/bd/sensors96b/synth/sensors96b.v:706]
WARNING: [Synth 8-7071] port 'out1n' of module 'sensors96b_axi_uart16550_0_0' is unconnected for instance 'axi_uart16550_0' [c:/Users/zunmun/Documents/Stuff/Github/WORK/Bumblebee/ultra96_vivado_tests/PYNQ/sensors96b/sensors96b.gen/sources_1/bd/sensors96b/synth/sensors96b.v:706]
WARNING: [Synth 8-7071] port 'out2n' of module 'sensors96b_axi_uart16550_0_0' is unconnected for instance 'axi_uart16550_0' [c:/Users/zunmun/Documents/Stuff/Github/WORK/Bumblebee/ultra96_vivado_tests/PYNQ/sensors96b/sensors96b.gen/sources_1/bd/sensors96b/synth/sensors96b.v:706]
WARNING: [Synth 8-7071] port 'rxrdyn' of module 'sensors96b_axi_uart16550_0_0' is unconnected for instance 'axi_uart16550_0' [c:/Users/zunmun/Documents/Stuff/Github/WORK/Bumblebee/ultra96_vivado_tests/PYNQ/sensors96b/sensors96b.gen/sources_1/bd/sensors96b/synth/sensors96b.v:706]
WARNING: [Synth 8-7071] port 'txrdyn' of module 'sensors96b_axi_uart16550_0_0' is unconnected for instance 'axi_uart16550_0' [c:/Users/zunmun/Documents/Stuff/Github/WORK/Bumblebee/ultra96_vivado_tests/PYNQ/sensors96b/sensors96b.gen/sources_1/bd/sensors96b/synth/sensors96b.v:706]
WARNING: [Synth 8-7023] instance 'axi_uart16550_0' of module 'sensors96b_axi_uart16550_0_0' has 35 connections declared, but only 28 given [c:/Users/zunmun/Documents/Stuff/Github/WORK/Bumblebee/ultra96_vivado_tests/PYNQ/sensors96b/sensors96b.gen/sources_1/bd/sensors96b/synth/sensors96b.v:706]
INFO: [Synth 8-6157] synthesizing module 'sensors96b_axi_uart16550_1_0' [C:/Users/zunmun/Documents/Stuff/Github/WORK/Bumblebee/ultra96_vivado_tests/PYNQ/sensors96b/sensors96b.runs/synth_1/.Xil/Vivado-10316-HackerbookAce/realtime/sensors96b_axi_uart16550_1_0_stub.v:6]
INFO: [Synth 8-6155] done synthesizing module 'sensors96b_axi_uart16550_1_0' (0#1) [C:/Users/zunmun/Documents/Stuff/Github/WORK/Bumblebee/ultra96_vivado_tests/PYNQ/sensors96b/sensors96b.runs/synth_1/.Xil/Vivado-10316-HackerbookAce/realtime/sensors96b_axi_uart16550_1_0_stub.v:6]
WARNING: [Synth 8-7071] port 'baudoutn' of module 'sensors96b_axi_uart16550_1_0' is unconnected for instance 'axi_uart16550_1' [c:/Users/zunmun/Documents/Stuff/Github/WORK/Bumblebee/ultra96_vivado_tests/PYNQ/sensors96b/sensors96b.gen/sources_1/bd/sensors96b/synth/sensors96b.v:735]
WARNING: [Synth 8-7071] port 'ddis' of module 'sensors96b_axi_uart16550_1_0' is unconnected for instance 'axi_uart16550_1' [c:/Users/zunmun/Documents/Stuff/Github/WORK/Bumblebee/ultra96_vivado_tests/PYNQ/sensors96b/sensors96b.gen/sources_1/bd/sensors96b/synth/sensors96b.v:735]
WARNING: [Synth 8-7071] port 'dtrn' of module 'sensors96b_axi_uart16550_1_0' is unconnected for instance 'axi_uart16550_1' [c:/Users/zunmun/Documents/Stuff/Github/WORK/Bumblebee/ultra96_vivado_tests/PYNQ/sensors96b/sensors96b.gen/sources_1/bd/sensors96b/synth/sensors96b.v:735]
WARNING: [Synth 8-7071] port 'out1n' of module 'sensors96b_axi_uart16550_1_0' is unconnected for instance 'axi_uart16550_1' [c:/Users/zunmun/Documents/Stuff/Github/WORK/Bumblebee/ultra96_vivado_tests/PYNQ/sensors96b/sensors96b.gen/sources_1/bd/sensors96b/synth/sensors96b.v:735]
WARNING: [Synth 8-7071] port 'out2n' of module 'sensors96b_axi_uart16550_1_0' is unconnected for instance 'axi_uart16550_1' [c:/Users/zunmun/Documents/Stuff/Github/WORK/Bumblebee/ultra96_vivado_tests/PYNQ/sensors96b/sensors96b.gen/sources_1/bd/sensors96b/synth/sensors96b.v:735]
WARNING: [Synth 8-7071] port 'rtsn' of module 'sensors96b_axi_uart16550_1_0' is unconnected for instance 'axi_uart16550_1' [c:/Users/zunmun/Documents/Stuff/Github/WORK/Bumblebee/ultra96_vivado_tests/PYNQ/sensors96b/sensors96b.gen/sources_1/bd/sensors96b/synth/sensors96b.v:735]
WARNING: [Synth 8-7071] port 'rxrdyn' of module 'sensors96b_axi_uart16550_1_0' is unconnected for instance 'axi_uart16550_1' [c:/Users/zunmun/Documents/Stuff/Github/WORK/Bumblebee/ultra96_vivado_tests/PYNQ/sensors96b/sensors96b.gen/sources_1/bd/sensors96b/synth/sensors96b.v:735]
WARNING: [Synth 8-7071] port 'txrdyn' of module 'sensors96b_axi_uart16550_1_0' is unconnected for instance 'axi_uart16550_1' [c:/Users/zunmun/Documents/Stuff/Github/WORK/Bumblebee/ultra96_vivado_tests/PYNQ/sensors96b/sensors96b.gen/sources_1/bd/sensors96b/synth/sensors96b.v:735]
WARNING: [Synth 8-7023] instance 'axi_uart16550_1' of module 'sensors96b_axi_uart16550_1_0' has 35 connections declared, but only 27 given [c:/Users/zunmun/Documents/Stuff/Github/WORK/Bumblebee/ultra96_vivado_tests/PYNQ/sensors96b/sensors96b.gen/sources_1/bd/sensors96b/synth/sensors96b.v:735]
INFO: [Synth 8-6157] synthesizing module 'sensors96b_proc_sys_reset_0_0' [C:/Users/zunmun/Documents/Stuff/Github/WORK/Bumblebee/ultra96_vivado_tests/PYNQ/sensors96b/sensors96b.runs/synth_1/.Xil/Vivado-10316-HackerbookAce/realtime/sensors96b_proc_sys_reset_0_0_stub.v:6]
INFO: [Synth 8-6155] done synthesizing module 'sensors96b_proc_sys_reset_0_0' (0#1) [C:/Users/zunmun/Documents/Stuff/Github/WORK/Bumblebee/ultra96_vivado_tests/PYNQ/sensors96b/sensors96b.runs/synth_1/.Xil/Vivado-10316-HackerbookAce/realtime/sensors96b_proc_sys_reset_0_0_stub.v:6]
WARNING: [Synth 8-7071] port 'mb_reset' of module 'sensors96b_proc_sys_reset_0_0' is unconnected for instance 'proc_sys_reset_0' [c:/Users/zunmun/Documents/Stuff/Github/WORK/Bumblebee/ultra96_vivado_tests/PYNQ/sensors96b/sensors96b.gen/sources_1/bd/sensors96b/synth/sensors96b.v:763]
WARNING: [Synth 8-7071] port 'bus_struct_reset' of module 'sensors96b_proc_sys_reset_0_0' is unconnected for instance 'proc_sys_reset_0' [c:/Users/zunmun/Documents/Stuff/Github/WORK/Bumblebee/ultra96_vivado_tests/PYNQ/sensors96b/sensors96b.gen/sources_1/bd/sensors96b/synth/sensors96b.v:763]
WARNING: [Synth 8-7071] port 'peripheral_reset' of module 'sensors96b_proc_sys_reset_0_0' is unconnected for instance 'proc_sys_reset_0' [c:/Users/zunmun/Documents/Stuff/Github/WORK/Bumblebee/ultra96_vivado_tests/PYNQ/sensors96b/sensors96b.gen/sources_1/bd/sensors96b/synth/sensors96b.v:763]
WARNING: [Synth 8-7023] instance 'proc_sys_reset_0' of module 'sensors96b_proc_sys_reset_0_0' has 10 connections declared, but only 7 given [c:/Users/zunmun/Documents/Stuff/Github/WORK/Bumblebee/ultra96_vivado_tests/PYNQ/sensors96b/sensors96b.gen/sources_1/bd/sensors96b/synth/sensors96b.v:763]
INFO: [Synth 8-6157] synthesizing module 'sensors96b_ps8_0_axi_periph_0' [c:/Users/zunmun/Documents/Stuff/Github/WORK/Bumblebee/ultra96_vivado_tests/PYNQ/sensors96b/sensors96b.gen/sources_1/bd/sensors96b/synth/sensors96b.v:926]
INFO: [Synth 8-6157] synthesizing module 'm00_couplers_imp_1NWP8BY' [c:/Users/zunmun/Documents/Stuff/Github/WORK/Bumblebee/ultra96_vivado_tests/PYNQ/sensors96b/sensors96b.gen/sources_1/bd/sensors96b/synth/sensors96b.v:13]
INFO: [Synth 8-6155] done synthesizing module 'm00_couplers_imp_1NWP8BY' (0#1) [c:/Users/zunmun/Documents/Stuff/Github/WORK/Bumblebee/ultra96_vivado_tests/PYNQ/sensors96b/sensors96b.gen/sources_1/bd/sensors96b/synth/sensors96b.v:13]
INFO: [Synth 8-6157] synthesizing module 'm01_couplers_imp_1DJKDNS' [c:/Users/zunmun/Documents/Stuff/Github/WORK/Bumblebee/ultra96_vivado_tests/PYNQ/sensors96b/sensors96b.gen/sources_1/bd/sensors96b/synth/sensors96b.v:145]
INFO: [Synth 8-6155] done synthesizing module 'm01_couplers_imp_1DJKDNS' (0#1) [c:/Users/zunmun/Documents/Stuff/Github/WORK/Bumblebee/ultra96_vivado_tests/PYNQ/sensors96b/sensors96b.gen/sources_1/bd/sensors96b/synth/sensors96b.v:145]
INFO: [Synth 8-6157] synthesizing module 's00_couplers_imp_1EEP9YN' [c:/Users/zunmun/Documents/Stuff/Github/WORK/Bumblebee/ultra96_vivado_tests/PYNQ/sensors96b/sensors96b.gen/sources_1/bd/sensors96b/synth/sensors96b.v:277]
INFO: [Synth 8-6157] synthesizing module 'sensors96b_auto_pc_0' [C:/Users/zunmun/Documents/Stuff/Github/WORK/Bumblebee/ultra96_vivado_tests/PYNQ/sensors96b/sensors96b.runs/synth_1/.Xil/Vivado-10316-HackerbookAce/realtime/sensors96b_auto_pc_0_stub.v:6]
INFO: [Synth 8-6155] done synthesizing module 'sensors96b_auto_pc_0' (0#1) [C:/Users/zunmun/Documents/Stuff/Github/WORK/Bumblebee/ultra96_vivado_tests/PYNQ/sensors96b/sensors96b.runs/synth_1/.Xil/Vivado-10316-HackerbookAce/realtime/sensors96b_auto_pc_0_stub.v:6]
INFO: [Synth 8-6155] done synthesizing module 's00_couplers_imp_1EEP9YN' (0#1) [c:/Users/zunmun/Documents/Stuff/Github/WORK/Bumblebee/ultra96_vivado_tests/PYNQ/sensors96b/sensors96b.gen/sources_1/bd/sensors96b/synth/sensors96b.v:277]
INFO: [Synth 8-6157] synthesizing module 'sensors96b_xbar_0' [C:/Users/zunmun/Documents/Stuff/Github/WORK/Bumblebee/ultra96_vivado_tests/PYNQ/sensors96b/sensors96b.runs/synth_1/.Xil/Vivado-10316-HackerbookAce/realtime/sensors96b_xbar_0_stub.v:6]
INFO: [Synth 8-6155] done synthesizing module 'sensors96b_xbar_0' (0#1) [C:/Users/zunmun/Documents/Stuff/Github/WORK/Bumblebee/ultra96_vivado_tests/PYNQ/sensors96b/sensors96b.runs/synth_1/.Xil/Vivado-10316-HackerbookAce/realtime/sensors96b_xbar_0_stub.v:6]
WARNING: [Synth 8-7071] port 'm_axi_awprot' of module 'sensors96b_xbar_0' is unconnected for instance 'xbar' [c:/Users/zunmun/Documents/Stuff/Github/WORK/Bumblebee/ultra96_vivado_tests/PYNQ/sensors96b/sensors96b.gen/sources_1/bd/sensors96b/synth/sensors96b.v:1437]
WARNING: [Synth 8-7071] port 'm_axi_arprot' of module 'sensors96b_xbar_0' is unconnected for instance 'xbar' [c:/Users/zunmun/Documents/Stuff/Github/WORK/Bumblebee/ultra96_vivado_tests/PYNQ/sensors96b/sensors96b.gen/sources_1/bd/sensors96b/synth/sensors96b.v:1437]
WARNING: [Synth 8-7023] instance 'xbar' of module 'sensors96b_xbar_0' has 40 connections declared, but only 38 given [c:/Users/zunmun/Documents/Stuff/Github/WORK/Bumblebee/ultra96_vivado_tests/PYNQ/sensors96b/sensors96b.gen/sources_1/bd/sensors96b/synth/sensors96b.v:1437]
INFO: [Synth 8-6155] done synthesizing module 'sensors96b_ps8_0_axi_periph_0' (0#1) [c:/Users/zunmun/Documents/Stuff/Github/WORK/Bumblebee/ultra96_vivado_tests/PYNQ/sensors96b/sensors96b.gen/sources_1/bd/sensors96b/synth/sensors96b.v:926]
INFO: [Synth 8-6157] synthesizing module 'sensors96b_xlconcat_0_0' [c:/Users/zunmun/Documents/Stuff/Github/WORK/Bumblebee/ultra96_vivado_tests/PYNQ/sensors96b/sensors96b.gen/sources_1/bd/sensors96b/ip/sensors96b_xlconcat_0_0/synth/sensors96b_xlconcat_0_0.v:53]
INFO: [Synth 8-6157] synthesizing module 'xlconcat_v2_1_5_xlconcat' [c:/Users/zunmun/Documents/Stuff/Github/WORK/Bumblebee/ultra96_vivado_tests/PYNQ/sensors96b/sensors96b.gen/sources_1/bd/sensors96b/ipshared/147b/hdl/xlconcat_v2_1_vl_rfs.v:59]
INFO: [Synth 8-6155] done synthesizing module 'xlconcat_v2_1_5_xlconcat' (0#1) [c:/Users/zunmun/Documents/Stuff/Github/WORK/Bumblebee/ultra96_vivado_tests/PYNQ/sensors96b/sensors96b.gen/sources_1/bd/sensors96b/ipshared/147b/hdl/xlconcat_v2_1_vl_rfs.v:59]
INFO: [Synth 8-6155] done synthesizing module 'sensors96b_xlconcat_0_0' (0#1) [c:/Users/zunmun/Documents/Stuff/Github/WORK/Bumblebee/ultra96_vivado_tests/PYNQ/sensors96b/sensors96b.gen/sources_1/bd/sensors96b/ip/sensors96b_xlconcat_0_0/synth/sensors96b_xlconcat_0_0.v:53]
INFO: [Synth 8-6157] synthesizing module 'sensors96b_xlconcat_1_0' [c:/Users/zunmun/Documents/Stuff/Github/WORK/Bumblebee/ultra96_vivado_tests/PYNQ/sensors96b/sensors96b.gen/sources_1/bd/sensors96b/ip/sensors96b_xlconcat_1_0/synth/sensors96b_xlconcat_1_0.v:53]
INFO: [Synth 8-6155] done synthesizing module 'sensors96b_xlconcat_1_0' (0#1) [c:/Users/zunmun/Documents/Stuff/Github/WORK/Bumblebee/ultra96_vivado_tests/PYNQ/sensors96b/sensors96b.gen/sources_1/bd/sensors96b/ip/sensors96b_xlconcat_1_0/synth/sensors96b_xlconcat_1_0.v:53]
INFO: [Synth 8-6157] synthesizing module 'sensors96b_xlconstant_0_0' [c:/Users/zunmun/Documents/Stuff/Github/WORK/Bumblebee/ultra96_vivado_tests/PYNQ/sensors96b/sensors96b.gen/sources_1/bd/sensors96b/ip/sensors96b_xlconstant_0_0/synth/sensors96b_xlconstant_0_0.v:53]
INFO: [Synth 8-6157] synthesizing module 'xlconstant_v1_1_8_xlconstant' [c:/Users/zunmun/Documents/Stuff/Github/WORK/Bumblebee/ultra96_vivado_tests/PYNQ/sensors96b/sensors96b.gen/sources_1/bd/sensors96b/ipshared/d390/hdl/xlconstant_v1_1_vl_rfs.v:68]
INFO: [Synth 8-6155] done synthesizing module 'xlconstant_v1_1_8_xlconstant' (0#1) [c:/Users/zunmun/Documents/Stuff/Github/WORK/Bumblebee/ultra96_vivado_tests/PYNQ/sensors96b/sensors96b.gen/sources_1/bd/sensors96b/ipshared/d390/hdl/xlconstant_v1_1_vl_rfs.v:68]
INFO: [Synth 8-6155] done synthesizing module 'sensors96b_xlconstant_0_0' (0#1) [c:/Users/zunmun/Documents/Stuff/Github/WORK/Bumblebee/ultra96_vivado_tests/PYNQ/sensors96b/sensors96b.gen/sources_1/bd/sensors96b/ip/sensors96b_xlconstant_0_0/synth/sensors96b_xlconstant_0_0.v:53]
INFO: [Synth 8-6157] synthesizing module 'sensors96b_zynq_ultra_ps_e_0_0' [C:/Users/zunmun/Documents/Stuff/Github/WORK/Bumblebee/ultra96_vivado_tests/PYNQ/sensors96b/sensors96b.runs/synth_1/.Xil/Vivado-10316-HackerbookAce/realtime/sensors96b_zynq_ultra_ps_e_0_0_stub.v:6]
INFO: [Synth 8-6155] done synthesizing module 'sensors96b_zynq_ultra_ps_e_0_0' (0#1) [C:/Users/zunmun/Documents/Stuff/Github/WORK/Bumblebee/ultra96_vivado_tests/PYNQ/sensors96b/sensors96b.runs/synth_1/.Xil/Vivado-10316-HackerbookAce/realtime/sensors96b_zynq_ultra_ps_e_0_0_stub.v:6]
WARNING: [Synth 8-7071] port 'maxigp2_awuser' of module 'sensors96b_zynq_ultra_ps_e_0_0' is unconnected for instance 'zynq_ultra_ps_e_0' [c:/Users/zunmun/Documents/Stuff/Github/WORK/Bumblebee/ultra96_vivado_tests/PYNQ/sensors96b/sensors96b.gen/sources_1/bd/sensors96b/synth/sensors96b.v:873]
WARNING: [Synth 8-7071] port 'maxigp2_aruser' of module 'sensors96b_zynq_ultra_ps_e_0_0' is unconnected for instance 'zynq_ultra_ps_e_0' [c:/Users/zunmun/Documents/Stuff/Github/WORK/Bumblebee/ultra96_vivado_tests/PYNQ/sensors96b/sensors96b.gen/sources_1/bd/sensors96b/synth/sensors96b.v:873]
WARNING: [Synth 8-7071] port 'emio_uart0_dtrn' of module 'sensors96b_zynq_ultra_ps_e_0_0' is unconnected for instance 'zynq_ultra_ps_e_0' [c:/Users/zunmun/Documents/Stuff/Github/WORK/Bumblebee/ultra96_vivado_tests/PYNQ/sensors96b/sensors96b.gen/sources_1/bd/sensors96b/synth/sensors96b.v:873]
WARNING: [Synth 8-7071] port 'pl_clk1' of module 'sensors96b_zynq_ultra_ps_e_0_0' is unconnected for instance 'zynq_ultra_ps_e_0' [c:/Users/zunmun/Documents/Stuff/Github/WORK/Bumblebee/ultra96_vivado_tests/PYNQ/sensors96b/sensors96b.gen/sources_1/bd/sensors96b/synth/sensors96b.v:873]
WARNING: [Synth 8-7071] port 'pl_clk2' of module 'sensors96b_zynq_ultra_ps_e_0_0' is unconnected for instance 'zynq_ultra_ps_e_0' [c:/Users/zunmun/Documents/Stuff/Github/WORK/Bumblebee/ultra96_vivado_tests/PYNQ/sensors96b/sensors96b.gen/sources_1/bd/sensors96b/synth/sensors96b.v:873]
WARNING: [Synth 8-7071] port 'pl_clk3' of module 'sensors96b_zynq_ultra_ps_e_0_0' is unconnected for instance 'zynq_ultra_ps_e_0' [c:/Users/zunmun/Documents/Stuff/Github/WORK/Bumblebee/ultra96_vivado_tests/PYNQ/sensors96b/sensors96b.gen/sources_1/bd/sensors96b/synth/sensors96b.v:873]
WARNING: [Synth 8-7023] instance 'zynq_ultra_ps_e_0' of module 'sensors96b_zynq_ultra_ps_e_0_0' has 56 connections declared, but only 50 given [c:/Users/zunmun/Documents/Stuff/Github/WORK/Bumblebee/ultra96_vivado_tests/PYNQ/sensors96b/sensors96b.gen/sources_1/bd/sensors96b/synth/sensors96b.v:873]
INFO: [Synth 8-6155] done synthesizing module 'sensors96b' (0#1) [c:/Users/zunmun/Documents/Stuff/Github/WORK/Bumblebee/ultra96_vivado_tests/PYNQ/sensors96b/sensors96b.gen/sources_1/bd/sensors96b/synth/sensors96b.v:579]
WARNING: [Synth 8-7129] Port In8[0] in module xlconcat_v2_1_5_xlconcat is either unconnected or has no load
WARNING: [Synth 8-7129] Port In9[0] in module xlconcat_v2_1_5_xlconcat is either unconnected or has no load
WARNING: [Synth 8-7129] Port In10[0] in module xlconcat_v2_1_5_xlconcat is either unconnected or has no load
WARNING: [Synth 8-7129] Port In11[0] in module xlconcat_v2_1_5_xlconcat is either unconnected or has no load
WARNING: [Synth 8-7129] Port In12[0] in module xlconcat_v2_1_5_xlconcat is either unconnected or has no load
WARNING: [Synth 8-7129] Port In13[0] in module xlconcat_v2_1_5_xlconcat is either unconnected or has no load
WARNING: [Synth 8-7129] Port In14[0] in module xlconcat_v2_1_5_xlconcat is either unconnected or has no load
WARNING: [Synth 8-7129] Port In15[0] in module xlconcat_v2_1_5_xlconcat is either unconnected or has no load
WARNING: [Synth 8-7129] Port In16[0] in module xlconcat_v2_1_5_xlconcat is either unconnected or has no load
WARNING: [Synth 8-7129] Port In17[0] in module xlconcat_v2_1_5_xlconcat is either unconnected or has no load
WARNING: [Synth 8-7129] Port In18[0] in module xlconcat_v2_1_5_xlconcat is either unconnected or has no load
WARNING: [Synth 8-7129] Port In19[0] in module xlconcat_v2_1_5_xlconcat is either unconnected or has no load
WARNING: [Synth 8-7129] Port In20[0] in module xlconcat_v2_1_5_xlconcat is either unconnected or has no load
WARNING: [Synth 8-7129] Port In21[0] in module xlconcat_v2_1_5_xlconcat is either unconnected or has no load
WARNING: [Synth 8-7129] Port In22[0] in module xlconcat_v2_1_5_xlconcat is either unconnected or has no load
WARNING: [Synth 8-7129] Port In23[0] in module xlconcat_v2_1_5_xlconcat is either unconnected or has no load
WARNING: [Synth 8-7129] Port In24[0] in module xlconcat_v2_1_5_xlconcat is either unconnected or has no load
WARNING: [Synth 8-7129] Port In25[0] in module xlconcat_v2_1_5_xlconcat is either unconnected or has no load
WARNING: [Synth 8-7129] Port In26[0] in module xlconcat_v2_1_5_xlconcat is either unconnected or has no load
WARNING: [Synth 8-7129] Port In27[0] in module xlconcat_v2_1_5_xlconcat is either unconnected or has no load
WARNING: [Synth 8-7129] Port In28[0] in module xlconcat_v2_1_5_xlconcat is either unconnected or has no load
WARNING: [Synth 8-7129] Port In29[0] in module xlconcat_v2_1_5_xlconcat is either unconnected or has no load
WARNING: [Synth 8-7129] Port In30[0] in module xlconcat_v2_1_5_xlconcat is either unconnected or has no load
WARNING: [Synth 8-7129] Port In31[0] in module xlconcat_v2_1_5_xlconcat is either unconnected or has no load
WARNING: [Synth 8-7129] Port In32[0] in module xlconcat_v2_1_5_xlconcat is either unconnected or has no load
WARNING: [Synth 8-7129] Port In33[0] in module xlconcat_v2_1_5_xlconcat is either unconnected or has no load
WARNING: [Synth 8-7129] Port In34[0] in module xlconcat_v2_1_5_xlconcat is either unconnected or has no load
WARNING: [Synth 8-7129] Port In35[0] in module xlconcat_v2_1_5_xlconcat is either unconnected or has no load
WARNING: [Synth 8-7129] Port In36[0] in module xlconcat_v2_1_5_xlconcat is either unconnected or has no load
WARNING: [Synth 8-7129] Port In37[0] in module xlconcat_v2_1_5_xlconcat is either unconnected or has no load
WARNING: [Synth 8-7129] Port In38[0] in module xlconcat_v2_1_5_xlconcat is either unconnected or has no load
WARNING: [Synth 8-7129] Port In39[0] in module xlconcat_v2_1_5_xlconcat is either unconnected or has no load
WARNING: [Synth 8-7129] Port In40[0] in module xlconcat_v2_1_5_xlconcat is either unconnected or has no load
WARNING: [Synth 8-7129] Port In41[0] in module xlconcat_v2_1_5_xlconcat is either unconnected or has no load
WARNING: [Synth 8-7129] Port In42[0] in module xlconcat_v2_1_5_xlconcat is either unconnected or has no load
WARNING: [Synth 8-7129] Port In43[0] in module xlconcat_v2_1_5_xlconcat is either unconnected or has no load
WARNING: [Synth 8-7129] Port In44[0] in module xlconcat_v2_1_5_xlconcat is either unconnected or has no load
WARNING: [Synth 8-7129] Port In45[0] in module xlconcat_v2_1_5_xlconcat is either unconnected or has no load
WARNING: [Synth 8-7129] Port In46[0] in module xlconcat_v2_1_5_xlconcat is either unconnected or has no load
WARNING: [Synth 8-7129] Port In47[0] in module xlconcat_v2_1_5_xlconcat is either unconnected or has no load
WARNING: [Synth 8-7129] Port In48[0] in module xlconcat_v2_1_5_xlconcat is either unconnected or has no load
WARNING: [Synth 8-7129] Port In49[0] in module xlconcat_v2_1_5_xlconcat is either unconnected or has no load
WARNING: [Synth 8-7129] Port In50[0] in module xlconcat_v2_1_5_xlconcat is either unconnected or has no load
WARNING: [Synth 8-7129] Port In51[0] in module xlconcat_v2_1_5_xlconcat is either unconnected or has no load
WARNING: [Synth 8-7129] Port In52[0] in module xlconcat_v2_1_5_xlconcat is either unconnected or has no load
WARNING: [Synth 8-7129] Port In53[0] in module xlconcat_v2_1_5_xlconcat is either unconnected or has no load
WARNING: [Synth 8-7129] Port In54[0] in module xlconcat_v2_1_5_xlconcat is either unconnected or has no load
WARNING: [Synth 8-7129] Port In55[0] in module xlconcat_v2_1_5_xlconcat is either unconnected or has no load
WARNING: [Synth 8-7129] Port In56[0] in module xlconcat_v2_1_5_xlconcat is either unconnected or has no load
WARNING: [Synth 8-7129] Port In57[0] in module xlconcat_v2_1_5_xlconcat is either unconnected or has no load
WARNING: [Synth 8-7129] Port In58[0] in module xlconcat_v2_1_5_xlconcat is either unconnected or has no load
WARNING: [Synth 8-7129] Port In59[0] in module xlconcat_v2_1_5_xlconcat is either unconnected or has no load
WARNING: [Synth 8-7129] Port In60[0] in module xlconcat_v2_1_5_xlconcat is either unconnected or has no load
WARNING: [Synth 8-7129] Port In61[0] in module xlconcat_v2_1_5_xlconcat is either unconnected or has no load
WARNING: [Synth 8-7129] Port In62[0] in module xlconcat_v2_1_5_xlconcat is either unconnected or has no load
WARNING: [Synth 8-7129] Port In63[0] in module xlconcat_v2_1_5_xlconcat is either unconnected or has no load
WARNING: [Synth 8-7129] Port In64[0] in module xlconcat_v2_1_5_xlconcat is either unconnected or has no load
WARNING: [Synth 8-7129] Port In65[0] in module xlconcat_v2_1_5_xlconcat is either unconnected or has no load
WARNING: [Synth 8-7129] Port In66[0] in module xlconcat_v2_1_5_xlconcat is either unconnected or has no load
WARNING: [Synth 8-7129] Port In67[0] in module xlconcat_v2_1_5_xlconcat is either unconnected or has no load
WARNING: [Synth 8-7129] Port In68[0] in module xlconcat_v2_1_5_xlconcat is either unconnected or has no load
WARNING: [Synth 8-7129] Port In69[0] in module xlconcat_v2_1_5_xlconcat is either unconnected or has no load
WARNING: [Synth 8-7129] Port In70[0] in module xlconcat_v2_1_5_xlconcat is either unconnected or has no load
WARNING: [Synth 8-7129] Port In71[0] in module xlconcat_v2_1_5_xlconcat is either unconnected or has no load
WARNING: [Synth 8-7129] Port In72[0] in module xlconcat_v2_1_5_xlconcat is either unconnected or has no load
WARNING: [Synth 8-7129] Port In73[0] in module xlconcat_v2_1_5_xlconcat is either unconnected or has no load
WARNING: [Synth 8-7129] Port In74[0] in module xlconcat_v2_1_5_xlconcat is either unconnected or has no load
WARNING: [Synth 8-7129] Port In75[0] in module xlconcat_v2_1_5_xlconcat is either unconnected or has no load
WARNING: [Synth 8-7129] Port In76[0] in module xlconcat_v2_1_5_xlconcat is either unconnected or has no load
WARNING: [Synth 8-7129] Port In77[0] in module xlconcat_v2_1_5_xlconcat is either unconnected or has no load
WARNING: [Synth 8-7129] Port In78[0] in module xlconcat_v2_1_5_xlconcat is either unconnected or has no load
WARNING: [Synth 8-7129] Port In79[0] in module xlconcat_v2_1_5_xlconcat is either unconnected or has no load
WARNING: [Synth 8-7129] Port In80[0] in module xlconcat_v2_1_5_xlconcat is either unconnected or has no load
WARNING: [Synth 8-7129] Port In81[0] in module xlconcat_v2_1_5_xlconcat is either unconnected or has no load
WARNING: [Synth 8-7129] Port In82[0] in module xlconcat_v2_1_5_xlconcat is either unconnected or has no load
WARNING: [Synth 8-7129] Port In83[0] in module xlconcat_v2_1_5_xlconcat is either unconnected or has no load
WARNING: [Synth 8-7129] Port In84[0] in module xlconcat_v2_1_5_xlconcat is either unconnected or has no load
WARNING: [Synth 8-7129] Port In85[0] in module xlconcat_v2_1_5_xlconcat is either unconnected or has no load
WARNING: [Synth 8-7129] Port In86[0] in module xlconcat_v2_1_5_xlconcat is either unconnected or has no load
WARNING: [Synth 8-7129] Port In87[0] in module xlconcat_v2_1_5_xlconcat is either unconnected or has no load
WARNING: [Synth 8-7129] Port In88[0] in module xlconcat_v2_1_5_xlconcat is either unconnected or has no load
WARNING: [Synth 8-7129] Port In89[0] in module xlconcat_v2_1_5_xlconcat is either unconnected or has no load
WARNING: [Synth 8-7129] Port In90[0] in module xlconcat_v2_1_5_xlconcat is either unconnected or has no load
WARNING: [Synth 8-7129] Port In91[0] in module xlconcat_v2_1_5_xlconcat is either unconnected or has no load
WARNING: [Synth 8-7129] Port In92[0] in module xlconcat_v2_1_5_xlconcat is either unconnected or has no load
WARNING: [Synth 8-7129] Port In93[0] in module xlconcat_v2_1_5_xlconcat is either unconnected or has no load
WARNING: [Synth 8-7129] Port In94[0] in module xlconcat_v2_1_5_xlconcat is either unconnected or has no load
WARNING: [Synth 8-7129] Port In95[0] in module xlconcat_v2_1_5_xlconcat is either unconnected or has no load
WARNING: [Synth 8-7129] Port In96[0] in module xlconcat_v2_1_5_xlconcat is either unconnected or has no load
WARNING: [Synth 8-7129] Port In97[0] in module xlconcat_v2_1_5_xlconcat is either unconnected or has no load
WARNING: [Synth 8-7129] Port In98[0] in module xlconcat_v2_1_5_xlconcat is either unconnected or has no load
WARNING: [Synth 8-7129] Port In99[0] in module xlconcat_v2_1_5_xlconcat is either unconnected or has no load
WARNING: [Synth 8-7129] Port In100[0] in module xlconcat_v2_1_5_xlconcat is either unconnected or has no load
WARNING: [Synth 8-7129] Port In101[0] in module xlconcat_v2_1_5_xlconcat is either unconnected or has no load
WARNING: [Synth 8-7129] Port In102[0] in module xlconcat_v2_1_5_xlconcat is either unconnected or has no load
WARNING: [Synth 8-7129] Port In103[0] in module xlconcat_v2_1_5_xlconcat is either unconnected or has no load
WARNING: [Synth 8-7129] Port In104[0] in module xlconcat_v2_1_5_xlconcat is either unconnected or has no load
WARNING: [Synth 8-7129] Port In105[0] in module xlconcat_v2_1_5_xlconcat is either unconnected or has no load
WARNING: [Synth 8-7129] Port In106[0] in module xlconcat_v2_1_5_xlconcat is either unconnected or has no load
WARNING: [Synth 8-7129] Port In107[0] in module xlconcat_v2_1_5_xlconcat is either unconnected or has no load
INFO: [Common 17-14] Message 'Synth 8-7129' appears 100 times and further instances of the messages will be disabled. Use the Tcl command set_msg_config to change the current settings.
---------------------------------------------------------------------------------
Finished RTL Elaboration : Time (s): cpu = 00:00:07 ; elapsed = 00:00:07 . Memory (MB): peak = 1935.512 ; gain = 492.684
---------------------------------------------------------------------------------
---------------------------------------------------------------------------------
Start Handling Custom Attributes
---------------------------------------------------------------------------------
---------------------------------------------------------------------------------
Finished Handling Custom Attributes : Time (s): cpu = 00:00:07 ; elapsed = 00:00:07 . Memory (MB): peak = 1935.512 ; gain = 492.684
---------------------------------------------------------------------------------
---------------------------------------------------------------------------------
Finished RTL Optimization Phase 1 : Time (s): cpu = 00:00:07 ; elapsed = 00:00:07 . Memory (MB): peak = 1935.512 ; gain = 492.684
---------------------------------------------------------------------------------
Netlist sorting complete. Time (s): cpu = 00:00:00 ; elapsed = 00:00:00.011 . Memory (MB): peak = 1935.512 ; gain = 0.000
INFO: [Project 1-570] Preparing netlist for logic optimization

Processing XDC Constraints
Initializing timing engine
Parsing XDC File [c:/Users/zunmun/Documents/Stuff/Github/WORK/Bumblebee/ultra96_vivado_tests/PYNQ/sensors96b/sensors96b.gen/sources_1/bd/sensors96b/ip/sensors96b_axi_uart16550_0_0/sensors96b_axi_uart16550_0_0/sensors96b_axi_uart16550_0_0_in_context.xdc] for cell 'axi_uart16550_0'
Finished Parsing XDC File [c:/Users/zunmun/Documents/Stuff/Github/WORK/Bumblebee/ultra96_vivado_tests/PYNQ/sensors96b/sensors96b.gen/sources_1/bd/sensors96b/ip/sensors96b_axi_uart16550_0_0/sensors96b_axi_uart16550_0_0/sensors96b_axi_uart16550_0_0_in_context.xdc] for cell 'axi_uart16550_0'
Parsing XDC File [c:/Users/zunmun/Documents/Stuff/Github/WORK/Bumblebee/ultra96_vivado_tests/PYNQ/sensors96b/sensors96b.gen/sources_1/bd/sensors96b/ip/sensors96b_axi_uart16550_1_0/sensors96b_axi_uart16550_1_0/sensors96b_axi_uart16550_0_0_in_context.xdc] for cell 'axi_uart16550_1'
Finished Parsing XDC File [c:/Users/zunmun/Documents/Stuff/Github/WORK/Bumblebee/ultra96_vivado_tests/PYNQ/sensors96b/sensors96b.gen/sources_1/bd/sensors96b/ip/sensors96b_axi_uart16550_1_0/sensors96b_axi_uart16550_1_0/sensors96b_axi_uart16550_0_0_in_context.xdc] for cell 'axi_uart16550_1'
Parsing XDC File [c:/Users/zunmun/Documents/Stuff/Github/WORK/Bumblebee/ultra96_vivado_tests/PYNQ/sensors96b/sensors96b.gen/sources_1/bd/sensors96b/ip/sensors96b_proc_sys_reset_0_0/sensors96b_proc_sys_reset_0_0/sensors96b_proc_sys_reset_0_0_in_context.xdc] for cell 'proc_sys_reset_0'
Finished Parsing XDC File [c:/Users/zunmun/Documents/Stuff/Github/WORK/Bumblebee/ultra96_vivado_tests/PYNQ/sensors96b/sensors96b.gen/sources_1/bd/sensors96b/ip/sensors96b_proc_sys_reset_0_0/sensors96b_proc_sys_reset_0_0/sensors96b_proc_sys_reset_0_0_in_context.xdc] for cell 'proc_sys_reset_0'
Parsing XDC File [c:/Users/zunmun/Documents/Stuff/Github/WORK/Bumblebee/ultra96_vivado_tests/PYNQ/sensors96b/sensors96b.gen/sources_1/bd/sensors96b/ip/sensors96b_xbar_0/sensors96b_xbar_0/sensors96b_xbar_0_in_context.xdc] for cell 'ps8_0_axi_periph/xbar'
Finished Parsing XDC File [c:/Users/zunmun/Documents/Stuff/Github/WORK/Bumblebee/ultra96_vivado_tests/PYNQ/sensors96b/sensors96b.gen/sources_1/bd/sensors96b/ip/sensors96b_xbar_0/sensors96b_xbar_0/sensors96b_xbar_0_in_context.xdc] for cell 'ps8_0_axi_periph/xbar'
Parsing XDC File [c:/Users/zunmun/Documents/Stuff/Github/WORK/Bumblebee/ultra96_vivado_tests/PYNQ/sensors96b/sensors96b.gen/sources_1/bd/sensors96b/ip/sensors96b_auto_pc_0/sensors96b_auto_pc_0/sensors96b_auto_pc_0_in_context.xdc] for cell 'ps8_0_axi_periph/s00_couplers/auto_pc'
Finished Parsing XDC File [c:/Users/zunmun/Documents/Stuff/Github/WORK/Bumblebee/ultra96_vivado_tests/PYNQ/sensors96b/sensors96b.gen/sources_1/bd/sensors96b/ip/sensors96b_auto_pc_0/sensors96b_auto_pc_0/sensors96b_auto_pc_0_in_context.xdc] for cell 'ps8_0_axi_periph/s00_couplers/auto_pc'
Parsing XDC File [c:/Users/zunmun/Documents/Stuff/Github/WORK/Bumblebee/ultra96_vivado_tests/PYNQ/sensors96b/sensors96b.gen/sources_1/bd/sensors96b/ip/sensors96b_zynq_ultra_ps_e_0_0/sensors96b_zynq_ultra_ps_e_0_0/sensors96b_zynq_ultra_ps_e_0_0_in_context.xdc] for cell 'zynq_ultra_ps_e_0'
Finished Parsing XDC File [c:/Users/zunmun/Documents/Stuff/Github/WORK/Bumblebee/ultra96_vivado_tests/PYNQ/sensors96b/sensors96b.gen/sources_1/bd/sensors96b/ip/sensors96b_zynq_ultra_ps_e_0_0/sensors96b_zynq_ultra_ps_e_0_0/sensors96b_zynq_ultra_ps_e_0_0_in_context.xdc] for cell 'zynq_ultra_ps_e_0'
Parsing XDC File [C:/Users/zunmun/Documents/Stuff/Github/WORK/Bumblebee/ultra96_vivado_tests/PYNQ/sensors96b/sensors96b.srcs/constrs_1/new/ultra96.xdc]
WARNING: [Vivado 12-584] No ports matched 'GPIO_SENSORS_tri_io*'. [C:/Users/zunmun/Documents/Stuff/Github/WORK/Bumblebee/ultra96_vivado_tests/PYNQ/sensors96b/sensors96b.srcs/constrs_1/new/ultra96.xdc:37]
WARNING: [Vivado 12-584] No ports matched 'GPIO_SENSORS_tri_io[0]'. [C:/Users/zunmun/Documents/Stuff/Github/WORK/Bumblebee/ultra96_vivado_tests/PYNQ/sensors96b/sensors96b.srcs/constrs_1/new/ultra96.xdc:56]
WARNING: [Vivado 12-584] No ports matched 'GPIO_SENSORS_tri_io[1]'. [C:/Users/zunmun/Documents/Stuff/Github/WORK/Bumblebee/ultra96_vivado_tests/PYNQ/sensors96b/sensors96b.srcs/constrs_1/new/ultra96.xdc:58]
WARNING: [Vivado 12-584] No ports matched 'GPIO_SENSORS_tri_io[2]'. [C:/Users/zunmun/Documents/Stuff/Github/WORK/Bumblebee/ultra96_vivado_tests/PYNQ/sensors96b/sensors96b.srcs/constrs_1/new/ultra96.xdc:60]
WARNING: [Vivado 12-584] No ports matched 'GPIO_SENSORS_tri_io[3]'. [C:/Users/zunmun/Documents/Stuff/Github/WORK/Bumblebee/ultra96_vivado_tests/PYNQ/sensors96b/sensors96b.srcs/constrs_1/new/ultra96.xdc:62]
WARNING: [Vivado 12-584] No ports matched 'GPIO_SENSORS_tri_io[4]'. [C:/Users/zunmun/Documents/Stuff/Github/WORK/Bumblebee/ultra96_vivado_tests/PYNQ/sensors96b/sensors96b.srcs/constrs_1/new/ultra96.xdc:64]
WARNING: [Vivado 12-584] No ports matched 'GPIO_SENSORS_tri_io[5]'. [C:/Users/zunmun/Documents/Stuff/Github/WORK/Bumblebee/ultra96_vivado_tests/PYNQ/sensors96b/sensors96b.srcs/constrs_1/new/ultra96.xdc:66]
Finished Parsing XDC File [C:/Users/zunmun/Documents/Stuff/Github/WORK/Bumblebee/ultra96_vivado_tests/PYNQ/sensors96b/sensors96b.srcs/constrs_1/new/ultra96.xdc]
WARNING: [Project 1-498] One or more constraints failed evaluation while reading constraint file [C:/Users/zunmun/Documents/Stuff/Github/WORK/Bumblebee/ultra96_vivado_tests/PYNQ/sensors96b/sensors96b.srcs/constrs_1/new/ultra96.xdc] and the design contains unresolved black boxes. These constraints will be read post-synthesis (as long as their source constraint file is marked as used_in_implementation) and should be applied correctly then. You should review the constraints listed in the file [.Xil/sensors96b_propImpl.xdc] and check the run log file to verify that these constraints were correctly applied.
INFO: [Project 1-236] Implementation specific constraints were found while reading constraint file [C:/Users/zunmun/Documents/Stuff/Github/WORK/Bumblebee/ultra96_vivado_tests/PYNQ/sensors96b/sensors96b.srcs/constrs_1/new/ultra96.xdc]. These constraints will be ignored for synthesis but will be used in implementation. Impacted constraints are listed in the file [.Xil/sensors96b_propImpl.xdc].
Resolution: To avoid this warning, move constraints listed in [.Xil/sensors96b_propImpl.xdc] to another XDC file and exclude this new file from synthesis with the used_in_synthesis property (File Properties dialog in GUI) and re-run elaboration/synthesis.
Parsing XDC File [C:/Users/zunmun/Documents/Stuff/Github/WORK/Bumblebee/ultra96_vivado_tests/PYNQ/sensors96b/sensors96b.runs/synth_1/dont_touch.xdc]
Finished Parsing XDC File [C:/Users/zunmun/Documents/Stuff/Github/WORK/Bumblebee/ultra96_vivado_tests/PYNQ/sensors96b/sensors96b.runs/synth_1/dont_touch.xdc]
Completed Processing XDC Constraints

Netlist sorting complete. Time (s): cpu = 00:00:00 ; elapsed = 00:00:00 . Memory (MB): peak = 1952.172 ; gain = 0.000
INFO: [Project 1-111] Unisim Transformation Summary:
No Unisim elements were transformed.

The system cannot find the path specified.
Constraint Validation Runtime : Time (s): cpu = 00:00:00 ; elapsed = 00:00:00.003 . Memory (MB): peak = 1952.172 ; gain = 0.000
INFO: [Designutils 20-5440] No compile time benefit to using incremental synthesis; A full resynthesis will be run
INFO: [Designutils 20-4379] Flow is switching to default flow due to incremental criteria not met. If you would like to alter this behaviour and have the flow terminate instead, please set the following parameter config_implementation {autoIncr.Synth.RejectBehavior Terminate}
---------------------------------------------------------------------------------
Finished Constraint Validation : Time (s): cpu = 00:00:17 ; elapsed = 00:00:18 . Memory (MB): peak = 1952.172 ; gain = 509.344
---------------------------------------------------------------------------------
---------------------------------------------------------------------------------
Start Loading Part and Timing Information
---------------------------------------------------------------------------------
Loading part: xczu3eg-sbva484-1-i
INFO: [Synth 8-6742] Reading net delay rules and data
---------------------------------------------------------------------------------
Finished Loading Part and Timing Information : Time (s): cpu = 00:00:17 ; elapsed = 00:00:18 . Memory (MB): peak = 1952.172 ; gain = 509.344
---------------------------------------------------------------------------------
---------------------------------------------------------------------------------
Start Applying 'set_property' XDC Constraints
---------------------------------------------------------------------------------
Applied set_property KEEP_HIERARCHY = SOFT for axi_uart16550_0. (constraint file  auto generated constraint).
Applied set_property KEEP_HIERARCHY = SOFT for axi_uart16550_1. (constraint file  auto generated constraint).
Applied set_property KEEP_HIERARCHY = SOFT for proc_sys_reset_0. (constraint file  auto generated constraint).
Applied set_property KEEP_HIERARCHY = SOFT for ps8_0_axi_periph/xbar. (constraint file  auto generated constraint).
Applied set_property KEEP_HIERARCHY = SOFT for ps8_0_axi_periph/s00_couplers/auto_pc. (constraint file  auto generated constraint).
Applied set_property KEEP_HIERARCHY = SOFT for ps8_0_axi_periph. (constraint file  auto generated constraint).
Applied set_property KEEP_HIERARCHY = SOFT for xlconcat_0. (constraint file  auto generated constraint).
Applied set_property KEEP_HIERARCHY = SOFT for xlconcat_1. (constraint file  auto generated constraint).
Applied set_property KEEP_HIERARCHY = SOFT for xlconstant_0. (constraint file  auto generated constraint).
Applied set_property KEEP_HIERARCHY = SOFT for zynq_ultra_ps_e_0. (constraint file  auto generated constraint).
---------------------------------------------------------------------------------
Finished applying 'set_property' XDC Constraints : Time (s): cpu = 00:00:17 ; elapsed = 00:00:18 . Memory (MB): peak = 1952.172 ; gain = 509.344
---------------------------------------------------------------------------------
---------------------------------------------------------------------------------
Finished RTL Optimization Phase 2 : Time (s): cpu = 00:00:17 ; elapsed = 00:00:19 . Memory (MB): peak = 1952.172 ; gain = 509.344
---------------------------------------------------------------------------------
---------------------------------------------------------------------------------
Start RTL Component Statistics 
---------------------------------------------------------------------------------
Detailed RTL Component Info : 
---------------------------------------------------------------------------------
Finished RTL Component Statistics 
---------------------------------------------------------------------------------
---------------------------------------------------------------------------------
Start Part Resource Summary
---------------------------------------------------------------------------------
Part Resources:
DSPs: 360 (col length:72)
BRAMs: 432 (col length: RAMB18 72 RAMB36 36)
---------------------------------------------------------------------------------
Finished Part Resource Summary
---------------------------------------------------------------------------------
---------------------------------------------------------------------------------
Start Cross Boundary and Area Optimization
---------------------------------------------------------------------------------
WARNING: [Synth 8-7080] Parallel synthesis criteria is not met
---------------------------------------------------------------------------------
Finished Cross Boundary and Area Optimization : Time (s): cpu = 00:00:18 ; elapsed = 00:00:20 . Memory (MB): peak = 1952.172 ; gain = 509.344
---------------------------------------------------------------------------------
---------------------------------------------------------------------------------
Start Applying XDC Timing Constraints
---------------------------------------------------------------------------------
---------------------------------------------------------------------------------
Finished Applying XDC Timing Constraints : Time (s): cpu = 00:00:28 ; elapsed = 00:00:32 . Memory (MB): peak = 2463.879 ; gain = 1021.051
---------------------------------------------------------------------------------
---------------------------------------------------------------------------------
Start Timing Optimization
---------------------------------------------------------------------------------
---------------------------------------------------------------------------------
Finished Timing Optimization : Time (s): cpu = 00:00:28 ; elapsed = 00:00:32 . Memory (MB): peak = 2464.102 ; gain = 1021.273
---------------------------------------------------------------------------------
---------------------------------------------------------------------------------
Start Technology Mapping
---------------------------------------------------------------------------------
---------------------------------------------------------------------------------
Finished Technology Mapping : Time (s): cpu = 00:00:28 ; elapsed = 00:00:32 . Memory (MB): peak = 2474.039 ; gain = 1031.211
---------------------------------------------------------------------------------
---------------------------------------------------------------------------------
Start IO Insertion
---------------------------------------------------------------------------------
---------------------------------------------------------------------------------
Start Flattening Before IO Insertion
---------------------------------------------------------------------------------
---------------------------------------------------------------------------------
Finished Flattening Before IO Insertion
---------------------------------------------------------------------------------
---------------------------------------------------------------------------------
Start Final Netlist Cleanup
---------------------------------------------------------------------------------
---------------------------------------------------------------------------------
Finished Final Netlist Cleanup
---------------------------------------------------------------------------------
---------------------------------------------------------------------------------
Finished IO Insertion : Time (s): cpu = 00:00:32 ; elapsed = 00:00:36 . Memory (MB): peak = 2489.816 ; gain = 1046.988
---------------------------------------------------------------------------------
---------------------------------------------------------------------------------
Start Renaming Generated Instances
---------------------------------------------------------------------------------
---------------------------------------------------------------------------------
Finished Renaming Generated Instances : Time (s): cpu = 00:00:32 ; elapsed = 00:00:36 . Memory (MB): peak = 2489.816 ; gain = 1046.988
---------------------------------------------------------------------------------
---------------------------------------------------------------------------------
Start Rebuilding User Hierarchy
---------------------------------------------------------------------------------
---------------------------------------------------------------------------------
Finished Rebuilding User Hierarchy : Time (s): cpu = 00:00:32 ; elapsed = 00:00:36 . Memory (MB): peak = 2489.816 ; gain = 1046.988
---------------------------------------------------------------------------------
---------------------------------------------------------------------------------
Start Renaming Generated Ports
---------------------------------------------------------------------------------
---------------------------------------------------------------------------------
Finished Renaming Generated Ports : Time (s): cpu = 00:00:32 ; elapsed = 00:00:36 . Memory (MB): peak = 2489.816 ; gain = 1046.988
---------------------------------------------------------------------------------
---------------------------------------------------------------------------------
Start Handling Custom Attributes
---------------------------------------------------------------------------------
---------------------------------------------------------------------------------
Finished Handling Custom Attributes : Time (s): cpu = 00:00:32 ; elapsed = 00:00:36 . Memory (MB): peak = 2489.816 ; gain = 1046.988
---------------------------------------------------------------------------------
---------------------------------------------------------------------------------
Start Renaming Generated Nets
---------------------------------------------------------------------------------
---------------------------------------------------------------------------------
Finished Renaming Generated Nets : Time (s): cpu = 00:00:32 ; elapsed = 00:00:36 . Memory (MB): peak = 2489.816 ; gain = 1046.988
---------------------------------------------------------------------------------
---------------------------------------------------------------------------------
Start Writing Synthesis Report
---------------------------------------------------------------------------------

Report BlackBoxes: 
+------+-------------------------------+----------+
|      |BlackBox name                  |Instances |
+------+-------------------------------+----------+
|1     |sensors96b_xbar_0              |         1|
|2     |sensors96b_auto_pc_0           |         1|
|3     |sensors96b_axi_uart16550_0_0   |         1|
|4     |sensors96b_axi_uart16550_1_0   |         1|
|5     |sensors96b_proc_sys_reset_0_0  |         1|
|6     |sensors96b_zynq_ultra_ps_e_0_0 |         1|
+------+-------------------------------+----------+

Report Cell Usage: 
+------+-----------------------------+------+
|      |Cell                         |Count |
+------+-----------------------------+------+
|1     |sensors96b_auto_pc           |     1|
|2     |sensors96b_axi_uart16550_0   |     1|
|3     |sensors96b_axi_uart16550_1   |     1|
|4     |sensors96b_proc_sys_reset_0  |     1|
|5     |sensors96b_xbar              |     1|
|6     |sensors96b_zynq_ultra_ps_e_0 |     1|
|7     |IBUF                         |    10|
|8     |OBUF                         |    16|
+------+-----------------------------+------+
---------------------------------------------------------------------------------
Finished Writing Synthesis Report : Time (s): cpu = 00:00:32 ; elapsed = 00:00:36 . Memory (MB): peak = 2489.816 ; gain = 1046.988
---------------------------------------------------------------------------------
Synthesis finished with 0 errors, 0 critical warnings and 5 warnings.
Synthesis Optimization Runtime : Time (s): cpu = 00:00:20 ; elapsed = 00:00:30 . Memory (MB): peak = 2489.816 ; gain = 1030.328
Synthesis Optimization Complete : Time (s): cpu = 00:00:32 ; elapsed = 00:00:36 . Memory (MB): peak = 2489.816 ; gain = 1046.988
INFO: [Project 1-571] Translating synthesized netlist
Netlist sorting complete. Time (s): cpu = 00:00:00 ; elapsed = 00:00:00.008 . Memory (MB): peak = 2501.914 ; gain = 0.000
INFO: [Netlist 29-17] Analyzing 10 Unisim elements for replacement
INFO: [Netlist 29-28] Unisim Transformation completed in 0 CPU seconds
INFO: [Project 1-570] Preparing netlist for logic optimization
INFO: [Opt 31-138] Pushed 0 inverter(s) to 0 load pin(s).
Netlist sorting complete. Time (s): cpu = 00:00:00 ; elapsed = 00:00:00 . Memory (MB): peak = 2526.211 ; gain = 0.000
INFO: [Project 1-111] Unisim Transformation Summary:
  A total of 10 instances were transformed.
  IBUF => IBUF (IBUFCTRL, INBUF): 10 instances

The system cannot find the path specified.
Synth Design complete | Checksum: 632b6a2e
INFO: [Common 17-83] Releasing license: Synthesis
58 Infos, 140 Warnings, 0 Critical Warnings and 0 Errors encountered.
synth_design completed successfully
synth_design: Time (s): cpu = 00:00:37 ; elapsed = 00:00:55 . Memory (MB): peak = 2526.211 ; gain = 2009.172
Write ShapeDB Complete: Time (s): cpu = 00:00:00 ; elapsed = 00:00:00 . Memory (MB): peak = 2526.211 ; gain = 0.000
INFO: [Common 17-1381] The checkpoint 'C:/Users/zunmun/Documents/Stuff/Github/WORK/Bumblebee/ultra96_vivado_tests/PYNQ/sensors96b/sensors96b.runs/synth_1/sensors96b.dcp' has been generated.
INFO: [runtcl-4] Executing : report_utilization -file sensors96b_utilization_synth.rpt -pb sensors96b_utilization_synth.pb
INFO: [Common 17-206] Exiting Vivado at Fri Feb 14 22:51:37 2025...
